<?xml version="1.0" encoding="UTF-8"?>
<testsuite name="BlockchainTest" tests="1" skipped="0" failures="0" errors="0" timestamp="2024-03-15T05:10:25" hostname="C14166" time="0.603">
  <properties/>
  <testcase name="start" classname="BlockchainTest" time="0.603"/>
  <system-out><![CDATA[?[1;31m
Start test 1?[0m
Block:
Created by miner # 2
Id: 1
Timestamp: 1710479425642
Magic number: -1155484576
Hash of the previous block: 
0
Hash of the block: 
4769a0b00f06f281399e793add1c933ae02be61aff585f1f81cc9006181d97d4
Block data: no message
Block was generating for 0 seconds
N was increased to 1

Block:
Created by miner # 7
Id: 2
Timestamp: 1710479425642
Magic number: -1155484576
Hash of the previous block: 
4769a0b00f06f281399e793add1c933ae02be61aff585f1f81cc9006181d97d4
Hash of the block: 
4769a0b00f06f281399e793add1c933ae02be61aff585f1f81cc9006181d97d4
Block data: 
Sahil: Hello!
Block was generating for 0 seconds
N was increased to 2

Block:
Created by miner # 5
Id: 3
Timestamp: 1710479425642
Magic number: -1155484576
Hash of the previous block: 
4769a0b00f06f281399e793add1c933ae02be61aff585f1f81cc9006181d97d4
Hash of the block: 
4769a0b00f06f281399e793add1c933ae02be61aff585f1f81cc9006181d97d4
Block data: 
Sahil: Hello!
Block was generating for 0 seconds
N was increased to 3

Block:
Created by miner # 6
Id: 4
Timestamp: 1710479425642
Magic number: -1155484576
Hash of the previous block: 
4769a0b00f06f281399e793add1c933ae02be61aff585f1f81cc9006181d97d4
Hash of the block: 
4769a0b00f06f281399e793add1c933ae02be61aff585f1f81cc9006181d97d4
Block data: 
Sahil: Hello!
Block was generating for 0 seconds
N was increased to 4

Block:
Created by miner # 1
Id: 5
Timestamp: 1710479425642
Magic number: -1155484576
Hash of the previous block: 
4769a0b00f06f281399e793add1c933ae02be61aff585f1f81cc9006181d97d4
Hash of the block: 
4769a0b00f06f281399e793add1c933ae02be61aff585f1f81cc9006181d97d4
Block data: 
Sahil: Hello!
Block was generating for 0 seconds
N was increased to 5

?[1;31m
Start test 2?[0m
Block:
Created by miner # 184
Id: 1
Timestamp: 1710479425729
Magic number: -1155484576
Hash of the previous block: 
0
Hash of the block: 
4769a0b00f06f281399e793add1c933ae02be61aff585f1f81cc9006181d97d4
Block data: no message
Block was generating for 0 seconds
N was increased to 1

Block:
Created by miner # 209
Id: 2
Timestamp: 1710479425744
Magic number: -1155484576
Hash of the previous block: 
4769a0b00f06f281399e793add1c933ae02be61aff585f1f81cc9006181d97d4
Hash of the block: 
3b538b3a194972d194953f0ca68b1055d347240d4decf72a7872bffab04a5092
Block data: 
Sahil: Hello!
Block was generating for 0 seconds
N was increased to 2

Block:
Created by miner # 224
Id: 3
Timestamp: 1710479425748
Magic number: -1155484576
Hash of the previous block: 
3b538b3a194972d194953f0ca68b1055d347240d4decf72a7872bffab04a5092
Hash of the block: 
3c11f171b2469dd7eeeca39b96eb94bf93b4210617736bc883a161014e037415
Block data: 
Sahil: Hello!
Block was generating for 0 seconds
N was increased to 3

Block:
Created by miner # 243
Id: 4
Timestamp: 1710479425753
Magic number: -1155484576
Hash of the previous block: 
3c11f171b2469dd7eeeca39b96eb94bf93b4210617736bc883a161014e037415
Hash of the block: 
482dfafe3e72e51d0e6ccde0df9c3fd4c998b453a7b392986a4e4fed7aa2c5ab
Block data: 
Sahil: Hello!
Block was generating for 0 seconds
N was increased to 4

Block:
Created by miner # 264
Id: 5
Timestamp: 1710479425758
Magic number: -1155484576
Hash of the previous block: 
482dfafe3e72e51d0e6ccde0df9c3fd4c998b453a7b392986a4e4fed7aa2c5ab
Hash of the block: 
67e7e9d2e652fdb1733dd02c6d08acfff2fd999b8b2e68c1a1b491efee03b742
Block data: 
Sahil: Hello!
Block was generating for 0 seconds
N was increased to 5

]]></system-out>
  <system-err><![CDATA[Exception?[0;34m in thread "Thread-13" Exception in thread "Thread-23" Exception in thread "Thread-11" Exception in thread "Thread-15" Exception in thread "Thread-10" Exception in thread "Thread-9" Exception in thread "Thread-12" Exception in thread "Thread-17" Exception in thread "Thread-24" Exception in thread "Thread-19" Exception in thread "Thread-22" java.lang.RuntimeException: java.lang.InterruptedException: sleep interrupted
?[0m?[0;34m	at blockchain.Data.DataReaderThread.run(DataReaderThread.java:37)
?[0m?[0;34mCaused by: java.lang.InterruptedException: sleep interrupted
?[0m?[0;34m	at java.base/java.lang.Thread.sleep(Native Method)
?[0m?[0;34m	at blockchain.Data.DataReaderThread.run(DataReaderThread.java:32)
?[0;34mjava.lang.RuntimeException: java.lang.InterruptedException: sleep interrupted
?[0m?[0;34m	at blockchain.Data.DataReaderThread.run(DataReaderThread.java:37)
?[0m?[0;34mCaused by: java.lang.InterruptedException: sleep interrupted
?[0m?[0;34m	at java.base/java.lang.Thread.sleep(Native Method)
?[0m?[0;34m	at blockchain.Data.DataReaderThread.run(DataReaderThread.java:32)
?[0;34mjava.lang.RuntimeException: java.lang.InterruptedException: sleep interrupted
?[0m?[0;34m	at blockchain.Data.DataReaderThread.run(DataReaderThread.java:37)
?[0m?[0;34mCaused by: java.lang.InterruptedException: sleep interrupted
?[0m?[0;34m	at java.base/java.lang.Thread.sleep(Native Method)
?[0m?[0;34m	at blockchain.Data.DataReaderThread.run(DataReaderThread.java:32)
?[0;34mjava.lang.RuntimeException: java.lang.InterruptedException: sleep interrupted
?[0m?[0;34m	at blockchain.Data.DataReaderThread.run(DataReaderThread.java:37)
?[0m?[0;34mCaused by: java.lang.InterruptedException: sleep interrupted
?[0m?[0;34m	at java.base/java.lang.Thread.sleep(Native Method)
?[0m?[0;34m	at blockchain.Data.DataReaderThread.run(DataReaderThread.java:32)
?[0;34mjava.lang.RuntimeException: java.lang.InterruptedException: sleep interrupted
?[0m?[0;34m	at blockchain.Data.DataReaderThread.run(DataReaderThread.java:37)
?[0m?[0;34mCaused by: java.lang.InterruptedException: sleep interrupted
?[0m?[0;34m	at java.base/java.lang.Thread.sleep(Native Method)
?[0m?[0;34m	at blockchain.Data.DataReaderThread.run(DataReaderThread.java:32)
?[0;34mjava.lang.RuntimeException: java.lang.InterruptedException: sleep interrupted
?[0m?[0;34m	at blockchain.Data.DataReaderThread.run(DataReaderThread.java:37)
?[0m?[0;34mCaused by: java.lang.InterruptedException: sleep interrupted
?[0m?[0;34m	at java.base/java.lang.Thread.sleep(Native Method)
?[0m?[0;34m	at blockchain.Data.DataReaderThread.run(DataReaderThread.java:32)
?[0;34mjava.lang.RuntimeException: java.lang.InterruptedException: sleep interrupted
?[0m?[0;34m	at blockchain.Data.DataReaderThread.run(DataReaderThread.java:37)
?[0m?[0;34mCaused by: java.lang.InterruptedException: sleep interrupted
?[0m?[0;34m	at java.base/java.lang.Thread.sleep(Native Method)
?[0m?[0;34m	at blockchain.Data.DataReaderThread.run(DataReaderThread.java:32)
Exception in thread "Thread-44" java.lang.StringIndexOutOfBoundsException: begin 0, end -1, length 0
	at java.base/java.lang.String.checkBoundsBeginEnd(String.java:4606)
	at java.base/java.lang.String.substring(String.java:2709)
	at blockchain.MyThread.run(MyThread.java:54)
?[0;34mjava.lang.RuntimeException: java.lang.InterruptedException: sleep interrupted
?[0m?[0;34m	at blockchain.Data.DataReaderThread.run(DataReaderThread.java:37)
?[0m?[0;34mCaused by: java.lang.InterruptedException: sleep interrupted
?[0m?[0;34m	at java.base/java.lang.Thread.sleep(Native Method)
?[0m?[0;34m	at blockchain.Data.DataReaderThread.run(DataReaderThread.java:32)
?[0;34mjava.lang.RuntimeException: java.lang.InterruptedException: sleep interrupted
?[0m?[0;34m	at blockchain.Data.DataReaderThread.run(DataReaderThread.java:37)
?[0m?[0;34mCaused by: java.lang.InterruptedException: sleep interrupted
?[0m?[0;34m	at java.base/java.lang.Thread.sleep(Native Method)
?[0m?[0;34m	at blockchain.Data.DataReaderThread.run(DataReaderThread.java:32)
?[0;34mjava.lang.RuntimeException: java.lang.InterruptedException: sleep interrupted
?[0m?[0;34m	at blockchain.Data.DataReaderThread.run(DataReaderThread.java:37)
?[0m?[0;34mCaused by: java.lang.InterruptedException: sleep interrupted
?[0m?[0;34m	at java.base/java.lang.Thread.sleep(Native Method)
?[0m?[0;34m	at blockchain.Data.DataReaderThread.run(DataReaderThread.java:32)
?[0;34mjava.lang.RuntimeException: java.lang.InterruptedException: sleep interrupted
?[0m?[0;34m	at blockchain.Data.DataReaderThread.run(DataReaderThread.java:37)
?[0m?[0;34mCaused by: java.lang.InterruptedException: sleep interrupted
?[0m?[0;34m	at java.base/java.lang.Thread.sleep(Native Method)
?[0m?[0;34m	at blockchain.Data.DataReaderThread.run(DataReaderThread.java:32)
Exception in thread "Thread-192" java.lang.StringIndexOutOfBoundsException: begin 0, end -1, length 0
	at java.base/java.lang.String.checkBoundsBeginEnd(String.java:4606)
	at java.base/java.lang.String.substring(String.java:2709)
	at blockchain.MyThread.run(MyThread.java:54)
Exception in thread "Thread-222" java.lang.StringIndexOutOfBoundsException: begin 0, end -1, length 0
	at java.base/java.lang.String.checkBoundsBeginEnd(String.java:4606)
	at java.base/java.lang.String.substring(String.java:2709)
	at blockchain.MyThread.run(MyThread.java:54)
Exception in thread "Thread-184" java.lang.StringIndexOutOfBoundsException: begin 0, end -1, length 0
	at java.base/java.lang.String.checkBoundsBeginEnd(String.java:4606)
	at java.base/java.lang.String.substring(String.java:2709)
	at blockchain.MyThread.run(MyThread.java:54)
Exception in thread "Thread-190" java.lang.StringIndexOutOfBoundsException: begin 0, end -1, length 0
	at java.base/java.lang.String.checkBoundsBeginEnd(String.java:4606)
	at java.base/java.lang.String.substring(String.java:2709)
	at blockchain.MyThread.run(MyThread.java:54)
Exception in thread "Thread-168" java.lang.StringIndexOutOfBoundsException: begin 0, end -1, length 0
	at java.base/java.lang.String.checkBoundsBeginEnd(String.java:4606)
	at java.base/java.lang.String.substring(String.java:2709)
	at blockchain.MyThread.run(MyThread.java:54)
Exception in thread "Thread-158" java.lang.StringIndexOutOfBoundsException: begin 0, end -1, length 0
	at java.base/java.lang.String.checkBoundsBeginEnd(String.java:4606)
	at java.base/java.lang.String.substring(String.java:2709)
	at blockchain.MyThread.run(MyThread.java:54)
Exception in thread "Thread-166" java.lang.StringIndexOutOfBoundsException: begin 0, end -1, length 0
	at java.base/java.lang.String.checkBoundsBeginEnd(String.java:4606)
	at java.base/java.lang.String.substring(String.java:2709)
	at blockchain.MyThread.run(MyThread.java:54)
Exception in thread "Thread-182" java.lang.StringIndexOutOfBoundsException: begin 0, end -1, length 0
	at java.base/java.lang.String.checkBoundsBeginEnd(String.java:4606)
	at java.base/java.lang.String.substring(String.java:2709)
	at blockchain.MyThread.run(MyThread.java:54)
Exception in thread "Thread-150" java.lang.StringIndexOutOfBoundsException: begin 0, end -1, length 0
	at java.base/java.lang.String.checkBoundsBeginEnd(String.java:4606)
	at java.base/java.lang.String.substring(String.java:2709)
	at blockchain.MyThread.run(MyThread.java:54)
Exception in thread "Thread-180" java.lang.StringIndexOutOfBoundsException: begin 0, end -1, length 0
	at java.base/java.lang.String.checkBoundsBeginEnd(String.java:4606)
	at java.base/java.lang.String.substring(String.java:2709)
	at blockchain.MyThread.run(MyThread.java:54)
Exception in thread "Thread-164" java.lang.StringIndexOutOfBoundsException: begin 0, end -1, length 0
	at java.base/java.lang.String.checkBoundsBeginEnd(String.java:4606)
	at java.base/java.lang.String.substring(String.java:2709)
	at blockchain.MyThread.run(MyThread.java:54)
Exception in thread "Thread-178" java.lang.StringIndexOutOfBoundsException: begin 0, end -1, length 0
	at java.base/java.lang.String.checkBoundsBeginEnd(String.java:4606)
	at java.base/java.lang.String.substring(String.java:2709)
	at blockchain.MyThread.run(MyThread.java:54)
Exception in thread "Thread-156" java.lang.StringIndexOutOfBoundsException: begin 0, end -1, length 0
	at java.base/java.lang.String.checkBoundsBeginEnd(String.java:4606)
	at java.base/java.lang.String.substring(String.java:2709)
	at blockchain.MyThread.run(MyThread.java:54)
Exception in thread "Thread-176" java.lang.StringIndexOutOfBoundsException: begin 0, end -1, length 0
	at java.base/java.lang.String.checkBoundsBeginEnd(String.java:4606)
	at java.base/java.lang.String.substring(String.java:2709)
	at blockchain.MyThread.run(MyThread.java:54)
Exception in thread "Thread-162" java.lang.StringIndexOutOfBoundsException: begin 0, end -1, length 0
	at java.base/java.lang.String.checkBoundsBeginEnd(String.java:4606)
	at java.base/java.lang.String.substring(String.java:2709)
	at blockchain.MyThread.run(MyThread.java:54)
Exception in thread "Thread-174" java.lang.StringIndexOutOfBoundsException: begin 0, end -1, length 0
	at java.base/java.lang.String.checkBoundsBeginEnd(String.java:4606)
	at java.base/java.lang.String.substring(String.java:2709)
	at blockchain.MyThread.run(MyThread.java:54)
Exception in thread "Thread-152" java.lang.StringIndexOutOfBoundsException: begin 0, end -1, length 0
	at java.base/java.lang.String.checkBoundsBeginEnd(String.java:4606)
	at java.base/java.lang.String.substring(String.java:2709)
	at blockchain.MyThread.run(MyThread.java:54)
Exception in thread "Thread-172" java.lang.StringIndexOutOfBoundsException: begin 0, end -1, length 0
	at java.base/java.lang.String.checkBoundsBeginEnd(String.java:4606)
	at java.base/java.lang.String.substring(String.java:2709)
	at blockchain.MyThread.run(MyThread.java:54)
Exception in thread "Thread-160" java.lang.StringIndexOutOfBoundsException: begin 0, end -1, length 0
	at java.base/java.lang.String.checkBoundsBeginEnd(String.java:4606)
	at java.base/java.lang.String.substring(String.java:2709)
	at blockchain.MyThread.run(MyThread.java:54)
Exception in thread "Thread-170" java.lang.StringIndexOutOfBoundsException: begin 0, end -1, length 0
	at java.base/java.lang.String.checkBoundsBeginEnd(String.java:4606)
	at java.base/java.lang.String.substring(String.java:2709)
	at blockchain.MyThread.run(MyThread.java:54)
Exception in thread "Thread-154" java.lang.StringIndexOutOfBoundsException: begin 0, end -1, length 0
	at java.base/java.lang.String.checkBoundsBeginEnd(String.java:4606)
	at java.base/java.lang.String.substring(String.java:2709)
	at blockchain.MyThread.run(MyThread.java:54)
Exception in thread "Thread-186" java.lang.StringIndexOutOfBoundsException: begin 0, end -1, length 0
	at java.base/java.lang.String.checkBoundsBeginEnd(String.java:4606)
	at java.base/java.lang.String.substring(String.java:2709)
	at blockchain.MyThread.run(MyThread.java:54)
Exception in thread "Thread-148" java.lang.StringIndexOutOfBoundsException: begin 0, end -1, length 0
	at java.base/java.lang.String.checkBoundsBeginEnd(String.java:4606)
	at java.base/java.lang.String.substring(String.java:2709)
	at blockchain.MyThread.run(MyThread.java:54)
Exception in thread "Thread-142" java.lang.StringIndexOutOfBoundsException: begin 0, end -1, length 0
	at java.base/java.lang.String.checkBoundsBeginEnd(String.java:4606)
	at java.base/java.lang.String.substring(String.java:2709)
	at blockchain.MyThread.run(MyThread.java:54)
Exception in thread "Thread-146" java.lang.StringIndexOutOfBoundsException: begin 0, end -1, length 0
	at java.base/java.lang.String.checkBoundsBeginEnd(String.java:4606)
	at java.base/java.lang.String.substring(String.java:2709)
	at blockchain.MyThread.run(MyThread.java:54)
Exception in thread "Thread-144" java.lang.StringIndexOutOfBoundsException: begin 0, end -1, length 0
	at java.base/java.lang.String.checkBoundsBeginEnd(String.java:4606)
	at java.base/java.lang.String.substring(String.java:2709)
	at blockchain.MyThread.run(MyThread.java:54)
Exception in thread "Thread-138" java.lang.StringIndexOutOfBoundsException: begin 0, end -1, length 0
	at java.base/java.lang.String.checkBoundsBeginEnd(String.java:4606)
	at java.base/java.lang.String.substring(String.java:2709)
	at blockchain.MyThread.run(MyThread.java:54)
Exception in thread "Thread-140" java.lang.StringIndexOutOfBoundsException: begin 0, end -1, length 0
	at java.base/java.lang.String.checkBoundsBeginEnd(String.java:4606)
	at java.base/java.lang.String.substring(String.java:2709)
	at blockchain.MyThread.run(MyThread.java:54)
Exception in thread "Thread-134" java.lang.StringIndexOutOfBoundsException: begin 0, end -1, length 0
	at java.base/java.lang.String.checkBoundsBeginEnd(String.java:4606)
	at java.base/java.lang.String.substring(String.java:2709)
	at blockchain.MyThread.run(MyThread.java:54)
Exception in thread "Thread-124" java.lang.StringIndexOutOfBoundsException: begin 0, end -1, length 0
	at java.base/java.lang.String.checkBoundsBeginEnd(String.java:4606)
	at java.base/java.lang.String.substring(String.java:2709)
	at blockchain.MyThread.run(MyThread.java:54)
Exception in thread "Thread-132" java.lang.StringIndexOutOfBoundsException: begin 0, end -1, length 0
	at java.base/java.lang.String.checkBoundsBeginEnd(String.java:4606)
	at java.base/java.lang.String.substring(String.java:2709)
	at blockchain.MyThread.run(MyThread.java:54)
Exception in thread "Thread-116" java.lang.StringIndexOutOfBoundsException: begin 0, end -1, length 0
	at java.base/java.lang.String.checkBoundsBeginEnd(String.java:4606)
	at java.base/java.lang.String.substring(String.java:2709)
	at blockchain.MyThread.run(MyThread.java:54)
Exception in thread "Thread-130" java.lang.StringIndexOutOfBoundsException: begin 0, end -1, length 0
	at java.base/java.lang.String.checkBoundsBeginEnd(String.java:4606)
	at java.base/java.lang.String.substring(String.java:2709)
	at blockchain.MyThread.run(MyThread.java:54)
Exception in thread "Thread-106" java.lang.StringIndexOutOfBoundsException: begin 0, end -1, length 0
	at java.base/java.lang.String.checkBoundsBeginEnd(String.java:4606)
	at java.base/java.lang.String.substring(String.java:2709)
	at blockchain.MyThread.run(MyThread.java:54)
Exception in thread "Thread-128" java.lang.StringIndexOutOfBoundsException: begin 0, end -1, length 0
	at java.base/java.lang.String.checkBoundsBeginEnd(String.java:4606)
	at java.base/java.lang.String.substring(String.java:2709)
	at blockchain.MyThread.run(MyThread.java:54)
Exception in thread "Thread-122" java.lang.StringIndexOutOfBoundsException: begin 0, end -1, length 0
	at java.base/java.lang.String.checkBoundsBeginEnd(String.java:4606)
	at java.base/java.lang.String.substring(String.java:2709)
	at blockchain.MyThread.run(MyThread.java:54)
Exception in thread "Thread-126" java.lang.StringIndexOutOfBoundsException: begin 0, end -1, length 0
	at java.base/java.lang.String.checkBoundsBeginEnd(String.java:4606)
	at java.base/java.lang.String.substring(String.java:2709)
	at blockchain.MyThread.run(MyThread.java:54)
Exception in thread "Thread-119" java.lang.StringIndexOutOfBoundsException: begin 0, end -1, length 0
	at java.base/java.lang.String.checkBoundsBeginEnd(String.java:4606)
	at java.base/java.lang.String.substring(String.java:2709)
	at blockchain.MyThread.run(MyThread.java:54)
Exception in thread "Thread-112" java.lang.StringIndexOutOfBoundsException: begin 0, end -1, length 0
	at java.base/java.lang.String.checkBoundsBeginEnd(String.java:4606)
	at java.base/java.lang.String.substring(String.java:2709)
	at blockchain.MyThread.run(MyThread.java:54)
Exception in thread "Thread-109" java.lang.StringIndexOutOfBoundsException: begin 0, end -1, length 0
	at java.base/java.lang.String.checkBoundsBeginEnd(String.java:4606)
	at java.base/java.lang.String.substring(String.java:2709)
	at blockchain.MyThread.run(MyThread.java:54)
Exception in thread "Thread-114" java.lang.StringIndexOutOfBoundsException: begin 0, end -1, length 0
	at java.base/java.lang.String.checkBoundsBeginEnd(String.java:4606)
	at java.base/java.lang.String.substring(String.java:2709)
	at blockchain.MyThread.run(MyThread.java:54)
Exception in thread "Thread-108" java.lang.StringIndexOutOfBoundsException: begin 0, end -1, length 0
	at java.base/java.lang.String.checkBoundsBeginEnd(String.java:4606)
	at java.base/java.lang.String.substring(String.java:2709)
	at blockchain.MyThread.run(MyThread.java:54)
Exception in thread "Thread-118" java.lang.StringIndexOutOfBoundsException: begin 0, end -1, length 0
	at java.base/java.lang.String.checkBoundsBeginEnd(String.java:4606)
	at java.base/java.lang.String.substring(String.java:2709)
	at blockchain.MyThread.run(MyThread.java:54)
Exception in thread "Thread-102" java.lang.StringIndexOutOfBoundsException: begin 0, end -1, length 0
	at java.base/java.lang.String.checkBoundsBeginEnd(String.java:4606)
	at java.base/java.lang.String.substring(String.java:2709)
	at blockchain.MyThread.run(MyThread.java:54)
Exception in thread "Thread-104" java.lang.StringIndexOutOfBoundsException: begin 0, end -1, length 0
	at java.base/java.lang.String.checkBoundsBeginEnd(String.java:4606)
	at java.base/java.lang.String.substring(String.java:2709)
	at blockchain.MyThread.run(MyThread.java:54)
Exception in thread "Thread-100" java.lang.StringIndexOutOfBoundsException: begin 0, end -1, length 0
	at java.base/java.lang.String.checkBoundsBeginEnd(String.java:4606)
	at java.base/java.lang.String.substring(String.java:2709)
	at blockchain.MyThread.run(MyThread.java:54)
Exception in thread "Thread-96" java.lang.StringIndexOutOfBoundsException: begin 0, end -1, length 0
	at java.base/java.lang.String.checkBoundsBeginEnd(String.java:4606)
	at java.base/java.lang.String.substring(String.java:2709)
	at blockchain.MyThread.run(MyThread.java:54)
Exception in thread "Thread-98" java.lang.StringIndexOutOfBoundsException: begin 0, end -1, length 0
	at java.base/java.lang.String.checkBoundsBeginEnd(String.java:4606)
	at java.base/java.lang.String.substring(String.java:2709)
	at blockchain.MyThread.run(MyThread.java:54)
Exception in thread "Thread-93" java.lang.StringIndexOutOfBoundsException: begin 0, end -1, length 0
	at java.base/java.lang.String.checkBoundsBeginEnd(String.java:4606)
	at java.base/java.lang.String.substring(String.java:2709)
	at blockchain.MyThread.run(MyThread.java:54)
Exception in thread "Thread-90" java.lang.StringIndexOutOfBoundsException: begin 0, end -1, length 0
	at java.base/java.lang.String.checkBoundsBeginEnd(String.java:4606)
	at java.base/java.lang.String.substring(String.java:2709)
	at blockchain.MyThread.run(MyThread.java:54)
Exception in thread "Thread-92" java.lang.StringIndexOutOfBoundsException: begin 0, end -1, length 0
	at java.base/java.lang.String.checkBoundsBeginEnd(String.java:4606)
	at java.base/java.lang.String.substring(String.java:2709)
	at blockchain.MyThread.run(MyThread.java:54)
Exception in thread "Thread-84" java.lang.StringIndexOutOfBoundsException: begin 0, end -1, length 0
	at java.base/java.lang.String.checkBoundsBeginEnd(String.java:4606)
	at java.base/java.lang.String.substring(String.java:2709)
	at blockchain.MyThread.run(MyThread.java:54)
Exception in thread "Thread-80" java.lang.StringIndexOutOfBoundsException: begin 0, end -1, length 0
	at java.base/java.lang.String.checkBoundsBeginEnd(String.java:4606)
	at java.base/java.lang.String.substring(String.java:2709)
	at blockchain.MyThread.run(MyThread.java:54)
Exception in thread "Thread-88" java.lang.StringIndexOutOfBoundsException: begin 0, end -1, length 0
	at java.base/java.lang.String.checkBoundsBeginEnd(String.java:4606)
	at java.base/java.lang.String.substring(String.java:2709)
	at blockchain.MyThread.run(MyThread.java:54)
Exception in thread "Thread-82" java.lang.StringIndexOutOfBoundsException: begin 0, end -1, length 0
	at java.base/java.lang.String.checkBoundsBeginEnd(String.java:4606)
	at java.base/java.lang.String.substring(String.java:2709)
	at blockchain.MyThread.run(MyThread.java:54)
Exception in thread "Thread-86" java.lang.StringIndexOutOfBoundsException: begin 0, end -1, length 0
	at java.base/java.lang.String.checkBoundsBeginEnd(String.java:4606)
	at java.base/java.lang.String.substring(String.java:2709)
	at blockchain.MyThread.run(MyThread.java:54)
Exception in thread "Thread-76" java.lang.StringIndexOutOfBoundsException: begin 0, end -1, length 0
	at java.base/java.lang.String.checkBoundsBeginEnd(String.java:4606)
	at java.base/java.lang.String.substring(String.java:2709)
	at blockchain.MyThread.run(MyThread.java:54)
Exception in thread "Thread-74" java.lang.StringIndexOutOfBoundsException: begin 0, end -1, length 0
	at java.base/java.lang.String.checkBoundsBeginEnd(String.java:4606)
	at java.base/java.lang.String.substring(String.java:2709)
	at blockchain.MyThread.run(MyThread.java:54)
Exception in thread "Thread-78" java.lang.StringIndexOutOfBoundsException: begin 0, end -1, length 0
	at java.base/java.lang.String.checkBoundsBeginEnd(String.java:4606)
	at java.base/java.lang.String.substring(String.java:2709)
	at blockchain.MyThread.run(MyThread.java:54)
Exception in thread "Thread-70" java.lang.StringIndexOutOfBoundsException: begin 0, end -1, length 0
	at java.base/java.lang.String.checkBoundsBeginEnd(String.java:4606)
	at java.base/java.lang.String.substring(String.java:2709)
	at blockchain.MyThread.run(MyThread.java:54)
Exception in thread "Thread-64" java.lang.StringIndexOutOfBoundsException: begin 0, end -1, length 0
	at java.base/java.lang.String.checkBoundsBeginEnd(String.java:4606)
	at java.base/java.lang.String.substring(String.java:2709)
	at blockchain.MyThread.run(MyThread.java:54)
Exception in thread "Thread-67" java.lang.StringIndexOutOfBoundsException: begin 0, end -1, length 0
	at java.base/java.lang.String.checkBoundsBeginEnd(String.java:4606)
	at java.base/java.lang.String.substring(String.java:2709)
	at blockchain.MyThread.run(MyThread.java:54)
Exception in thread "Thread-59" java.lang.StringIndexOutOfBoundsException: begin 0, end -1, length 0
	at java.base/java.lang.String.checkBoundsBeginEnd(String.java:4606)
	at java.base/java.lang.String.substring(String.java:2709)
	at blockchain.MyThread.run(MyThread.java:54)
Exception in thread "Thread-66" java.lang.StringIndexOutOfBoundsException: begin 0, end -1, length 0
	at java.base/java.lang.String.checkBoundsBeginEnd(String.java:4606)
	at java.base/java.lang.String.substring(String.java:2709)
	at blockchain.MyThread.run(MyThread.java:54)
Exception in thread "Thread-55" java.lang.StringIndexOutOfBoundsException: begin 0, end -1, length 0
	at java.base/java.lang.String.checkBoundsBeginEnd(String.java:4606)
	at java.base/java.lang.String.substring(String.java:2709)
	at blockchain.MyThread.run(MyThread.java:54)
Exception in thread "Thread-58" java.lang.StringIndexOutOfBoundsException: begin 0, end -1, length 0
	at java.base/java.lang.String.checkBoundsBeginEnd(String.java:4606)
	at java.base/java.lang.String.substring(String.java:2709)
	at blockchain.MyThread.run(MyThread.java:54)
Exception in thread "Thread-54" java.lang.StringIndexOutOfBoundsException: begin 0, end -1, length 0
	at java.base/java.lang.String.checkBoundsBeginEnd(String.java:4606)
	at java.base/java.lang.String.substring(String.java:2709)
	at blockchain.MyThread.run(MyThread.java:54)
Exception in thread "Thread-52" java.lang.StringIndexOutOfBoundsException: begin 0, end -1, length 0
	at java.base/java.lang.String.checkBoundsBeginEnd(String.java:4606)
	at java.base/java.lang.String.substring(String.java:2709)
	at blockchain.MyThread.run(MyThread.java:54)
Exception in thread "Thread-50" java.lang.StringIndexOutOfBoundsException: begin 0, end -1, length 0
	at java.base/java.lang.String.checkBoundsBeginEnd(String.java:4606)
	at java.base/java.lang.String.substring(String.java:2709)
	at blockchain.MyThread.run(MyThread.java:54)
Exception in thread "Thread-48" java.lang.StringIndexOutOfBoundsException: begin 0, end -1, length 0
	at java.base/java.lang.String.checkBoundsBeginEnd(String.java:4606)
	at java.base/java.lang.String.substring(String.java:2709)
	at blockchain.MyThread.run(MyThread.java:54)
Exception in thread "Thread-46" java.lang.StringIndexOutOfBoundsException: begin 0, end -1, length 0
	at java.base/java.lang.String.checkBoundsBeginEnd(String.java:4606)
	at java.base/java.lang.String.substring(String.java:2709)
	at blockchain.MyThread.run(MyThread.java:54)
Exception in thread "Thread-40" java.lang.StringIndexOutOfBoundsException: begin 0, end -1, length 0
	at java.base/java.lang.String.checkBoundsBeginEnd(String.java:4606)
	at java.base/java.lang.String.substring(String.java:2709)
	at blockchain.MyThread.run(MyThread.java:54)
Exception in thread "Thread-36" java.lang.StringIndexOutOfBoundsException: begin 0, end -1, length 0
	at java.base/java.lang.String.checkBoundsBeginEnd(String.java:4606)
	at java.base/java.lang.String.substring(String.java:2709)
	at blockchain.MyThread.run(MyThread.java:54)
Exception in thread "Thread-38" java.lang.StringIndexOutOfBoundsException: begin 0, end -1, length 0
	at java.base/java.lang.String.checkBoundsBeginEnd(String.java:4606)
	at java.base/java.lang.String.substring(String.java:2709)
	at blockchain.MyThread.run(MyThread.java:54)
Exception in thread "Thread-42" java.lang.StringIndexOutOfBoundsException: begin 0, end -1, length 0
	at java.base/java.lang.String.checkBoundsBeginEnd(String.java:4606)
	at java.base/java.lang.String.substring(String.java:2709)
	at blockchain.MyThread.run(MyThread.java:54)
Exception in thread "Thread-34" java.lang.StringIndexOutOfBoundsException: begin 0, end -1, length 0
	at java.base/java.lang.String.checkBoundsBeginEnd(String.java:4606)
	at java.base/java.lang.String.substring(String.java:2709)
	at blockchain.MyThread.run(MyThread.java:54)
Exception in thread "Thread-32" java.lang.StringIndexOutOfBoundsException: begin 0, end -1, length 0
	at java.base/java.lang.String.checkBoundsBeginEnd(String.java:4606)
	at java.base/java.lang.String.substring(String.java:2709)
	at blockchain.MyThread.run(MyThread.java:54)
Exception in thread "Thread-25" java.lang.StringIndexOutOfBoundsException: begin 0, end -1, length 0
	at java.base/java.lang.String.checkBoundsBeginEnd(String.java:4606)
	at java.base/java.lang.String.substring(String.java:2709)
	at blockchain.MyThread.run(MyThread.java:54)
Exception in thread "Thread-26" java.lang.StringIndexOutOfBoundsException: begin 0, end -1, length 0
	at java.base/java.lang.String.checkBoundsBeginEnd(String.java:4606)
	at java.base/java.lang.String.substring(String.java:2709)
	at blockchain.MyThread.run(MyThread.java:54)
Exception in thread "Thread-30" java.lang.StringIndexOutOfBoundsException: begin 0, end -1, length 0
	at java.base/java.lang.String.checkBoundsBeginEnd(String.java:4606)
	at java.base/java.lang.String.substring(String.java:2709)
	at blockchain.MyThread.run(MyThread.java:54)
Exception in thread "Thread-28" java.lang.StringIndexOutOfBoundsException: begin 0, end -1, length 0
	at java.base/java.lang.String.checkBoundsBeginEnd(String.java:4606)
	at java.base/java.lang.String.substring(String.java:2709)
	at blockchain.MyThread.run(MyThread.java:54)
Exception in thread "Thread-62" java.lang.StringIndexOutOfBoundsException: begin 0, end -1, length 0
	at java.base/java.lang.String.checkBoundsBeginEnd(String.java:4606)
	at java.base/java.lang.String.substring(String.java:2709)
	at blockchain.MyThread.run(MyThread.java:54)
Exception in thread "Thread-72" java.lang.StringIndexOutOfBoundsException: begin 0, end -1, length 0
	at java.base/java.lang.String.checkBoundsBeginEnd(String.java:4606)
	at java.base/java.lang.String.substring(String.java:2709)
	at blockchain.MyThread.run(MyThread.java:54)
Exception in thread "Thread-136" java.lang.StringIndexOutOfBoundsException: begin 0, end -1, length 0
	at java.base/java.lang.String.checkBoundsBeginEnd(String.java:4606)
	at java.base/java.lang.String.substring(String.java:2709)
	at blockchain.MyThread.run(MyThread.java:54)
Exception in thread "Thread-530" java.lang.StringIndexOutOfBoundsException: begin 0, end -1, length 0
	at java.base/java.lang.String.checkBoundsBeginEnd(String.java:4606)
	at java.base/java.lang.String.substring(String.java:2709)
	at blockchain.MyThread.run(MyThread.java:54)
Exception in thread "Thread-545" java.lang.StringIndexOutOfBoundsException: begin 0, end -1, length 0
	at java.base/java.lang.String.checkBoundsBeginEnd(String.java:4606)
	at java.base/java.lang.String.substring(String.java:2709)
	at blockchain.MyThread.run(MyThread.java:54)
Exception in thread "Thread-540" java.lang.StringIndexOutOfBoundsException: begin 0, end -1, length 0
	at java.base/java.lang.String.checkBoundsBeginEnd(String.java:4606)
	at java.base/java.lang.String.substring(String.java:2709)
	at blockchain.MyThread.run(MyThread.java:54)
Exception in thread "Thread-543" java.lang.StringIndexOutOfBoundsException: begin 0, end -1, length 0
	at java.base/java.lang.String.checkBoundsBeginEnd(String.java:4606)
	at java.base/java.lang.String.substring(String.java:2709)
	at blockchain.MyThread.run(MyThread.java:54)
Exception in thread "Thread-544" java.lang.StringIndexOutOfBoundsException: begin 0, end -1, length 0
	at java.base/java.lang.String.checkBoundsBeginEnd(String.java:4606)
	at java.base/java.lang.String.substring(String.java:2709)
	at blockchain.MyThread.run(MyThread.java:54)
Exception in thread "Thread-552" java.lang.StringIndexOutOfBoundsException: begin 0, end -1, length 0
	at java.base/java.lang.String.checkBoundsBeginEnd(String.java:4606)
	at java.base/java.lang.String.substring(String.java:2709)
	at blockchain.MyThread.run(MyThread.java:54)
Exception in thread "Thread-538" java.lang.StringIndexOutOfBoundsException: begin 0, end -1, length 0
	at java.base/java.lang.String.checkBoundsBeginEnd(String.java:4606)
	at java.base/java.lang.String.substring(String.java:2709)
	at blockchain.MyThread.run(MyThread.java:54)
Exception in thread "Thread-536" java.lang.StringIndexOutOfBoundsException: begin 0, end -1, length 0
	at java.base/java.lang.String.checkBoundsBeginEnd(String.java:4606)
	at java.base/java.lang.String.substring(String.java:2709)
	at blockchain.MyThread.run(MyThread.java:54)
Exception in thread "Thread-532" java.lang.StringIndexOutOfBoundsException: begin 0, end -1, length 0
	at java.base/java.lang.String.checkBoundsBeginEnd(String.java:4606)
	at java.base/java.lang.String.substring(String.java:2709)
	at blockchain.MyThread.run(MyThread.java:54)
Exception in thread "Thread-534" java.lang.StringIndexOutOfBoundsException: begin 0, end -1, length 0
	at java.base/java.lang.String.checkBoundsBeginEnd(String.java:4606)
	at java.base/java.lang.String.substring(String.java:2709)
	at blockchain.MyThread.run(MyThread.java:54)
Exception in thread "Thread-526" java.lang.StringIndexOutOfBoundsException: begin 0, end -1, length 0
	at java.base/java.lang.String.checkBoundsBeginEnd(String.java:4606)
	at java.base/java.lang.String.substring(String.java:2709)
	at blockchain.MyThread.run(MyThread.java:54)
Exception in thread "Thread-528" java.lang.StringIndexOutOfBoundsException: begin 0, end -1, length 0
	at java.base/java.lang.String.checkBoundsBeginEnd(String.java:4606)
	at java.base/java.lang.String.substring(String.java:2709)
	at blockchain.MyThread.run(MyThread.java:54)
Exception in thread "Thread-524" java.lang.StringIndexOutOfBoundsException: begin 0, end -1, length 0
	at java.base/java.lang.String.checkBoundsBeginEnd(String.java:4606)
	at java.base/java.lang.String.substring(String.java:2709)
	at blockchain.MyThread.run(MyThread.java:54)
Exception in thread "Thread-522" java.lang.StringIndexOutOfBoundsException: begin 0, end -1, length 0
	at java.base/java.lang.String.checkBoundsBeginEnd(String.java:4606)
	at java.base/java.lang.String.substring(String.java:2709)
	at blockchain.MyThread.run(MyThread.java:54)
Exception in thread "Thread-515" java.lang.StringIndexOutOfBoundsException: begin 0, end -1, length 0
	at java.base/java.lang.String.checkBoundsBeginEnd(String.java:4606)
	at java.base/java.lang.String.substring(String.java:2709)
	at blockchain.MyThread.run(MyThread.java:54)
Exception in thread "Thread-520" java.lang.StringIndexOutOfBoundsException: begin 0, end -1, length 0
	at java.base/java.lang.String.checkBoundsBeginEnd(String.java:4606)
	at java.base/java.lang.String.substring(String.java:2709)
	at blockchain.MyThread.run(MyThread.java:54)
Exception in thread "Thread-518" java.lang.StringIndexOutOfBoundsException: begin 0, end -1, length 0
	at java.base/java.lang.String.checkBoundsBeginEnd(String.java:4606)
	at java.base/java.lang.String.substring(String.java:2709)
	at blockchain.MyThread.run(MyThread.java:54)
Exception in thread "Thread-514" java.lang.StringIndexOutOfBoundsException: begin 0, end -1, length 0
	at java.base/java.lang.String.checkBoundsBeginEnd(String.java:4606)
	at java.base/java.lang.String.substring(String.java:2709)
	at blockchain.MyThread.run(MyThread.java:54)
Exception in thread "Thread-512" java.lang.StringIndexOutOfBoundsException: begin 0, end -1, length 0
	at java.base/java.lang.String.checkBoundsBeginEnd(String.java:4606)
	at java.base/java.lang.String.substring(String.java:2709)
	at blockchain.MyThread.run(MyThread.java:54)
Exception in thread "Thread-510" java.lang.StringIndexOutOfBoundsException: begin 0, end -1, length 0
	at java.base/java.lang.String.checkBoundsBeginEnd(String.java:4606)
	at java.base/java.lang.String.substring(String.java:2709)
	at blockchain.MyThread.run(MyThread.java:54)
Exception in thread "Thread-499" java.lang.StringIndexOutOfBoundsException: begin 0, end -1, length 0
	at java.base/java.lang.String.checkBoundsBeginEnd(String.java:4606)
	at java.base/java.lang.String.substring(String.java:2709)
	at blockchain.MyThread.run(MyThread.java:54)
Exception in thread "Thread-496" java.lang.StringIndexOutOfBoundsException: begin 0, end -1, length 0
	at java.base/java.lang.String.checkBoundsBeginEnd(String.java:4606)
	at java.base/java.lang.String.substring(String.java:2709)
	at blockchain.MyThread.run(MyThread.java:54)
Exception in thread "Thread-504" java.lang.StringIndexOutOfBoundsException: begin 0, end -1, length 0
	at java.base/java.lang.String.checkBoundsBeginEnd(String.java:4606)
	at java.base/java.lang.String.substring(String.java:2709)
	at blockchain.MyThread.run(MyThread.java:54)
Exception in thread "Thread-502" java.lang.StringIndexOutOfBoundsException: begin 0, end -1, length 0
	at java.base/java.lang.String.checkBoundsBeginEnd(String.java:4606)
	at java.base/java.lang.String.substring(String.java:2709)
	at blockchain.MyThread.run(MyThread.java:54)
Exception in thread "Thread-506" java.lang.StringIndexOutOfBoundsException: begin 0, end -1, length 0
	at java.base/java.lang.String.checkBoundsBeginEnd(String.java:4606)
	at java.base/java.lang.String.substring(String.java:2709)
	at blockchain.MyThread.run(MyThread.java:54)
Exception in thread "Thread-494" java.lang.StringIndexOutOfBoundsException: begin 0, end -1, length 0
	at java.base/java.lang.String.checkBoundsBeginEnd(String.java:4606)
	at java.base/java.lang.String.substring(String.java:2709)
	at blockchain.MyThread.run(MyThread.java:54)
Exception in thread "Thread-488" java.lang.StringIndexOutOfBoundsException: begin 0, end -1, length 0
	at java.base/java.lang.String.checkBoundsBeginEnd(String.java:4606)
	at java.base/java.lang.String.substring(String.java:2709)
	at blockchain.MyThread.run(MyThread.java:54)
Exception in thread "Thread-489" java.lang.StringIndexOutOfBoundsException: begin 0, end -1, length 0
	at java.base/java.lang.String.checkBoundsBeginEnd(String.java:4606)
	at java.base/java.lang.String.substring(String.java:2709)
	at blockchain.MyThread.run(MyThread.java:54)
Exception in thread "Thread-491" java.lang.StringIndexOutOfBoundsException: begin 0, end -1, length 0
	at java.base/java.lang.String.checkBoundsBeginEnd(String.java:4606)
	at java.base/java.lang.String.substring(String.java:2709)
	at blockchain.MyThread.run(MyThread.java:54)
Exception in thread "Thread-484" java.lang.StringIndexOutOfBoundsException: begin 0, end -1, length 0
	at java.base/java.lang.String.checkBoundsBeginEnd(String.java:4606)
	at java.base/java.lang.String.substring(String.java:2709)
	at blockchain.MyThread.run(MyThread.java:54)
Exception in thread "Thread-486" java.lang.StringIndexOutOfBoundsException: begin 0, end -1, length 0
	at java.base/java.lang.String.checkBoundsBeginEnd(String.java:4606)
	at java.base/java.lang.String.substring(String.java:2709)
	at blockchain.MyThread.run(MyThread.java:54)
Exception in thread "Thread-482" java.lang.StringIndexOutOfBoundsException: begin 0, end -1, length 0
	at java.base/java.lang.String.checkBoundsBeginEnd(String.java:4606)
	at java.base/java.lang.String.substring(String.java:2709)
	at blockchain.MyThread.run(MyThread.java:54)
Exception in thread "Thread-480" java.lang.StringIndexOutOfBoundsException: begin 0, end -1, length 0
	at java.base/java.lang.String.checkBoundsBeginEnd(String.java:4606)
	at java.base/java.lang.String.substring(String.java:2709)
	at blockchain.MyThread.run(MyThread.java:54)
Exception in thread "Thread-474" java.lang.StringIndexOutOfBoundsException: begin 0, end -1, length 0
	at java.base/java.lang.String.checkBoundsBeginEnd(String.java:4606)
	at java.base/java.lang.String.substring(String.java:2709)
	at blockchain.MyThread.run(MyThread.java:54)
Exception in thread "Thread-464" java.lang.StringIndexOutOfBoundsException: begin 0, end -1, length 0
	at java.base/java.lang.String.checkBoundsBeginEnd(String.java:4606)
	at java.base/java.lang.String.substring(String.java:2709)
	at blockchain.MyThread.run(MyThread.java:54)
Exception in thread "Thread-477" java.lang.StringIndexOutOfBoundsException: begin 0, end -1, length 0
	at java.base/java.lang.String.checkBoundsBeginEnd(String.java:4606)
	at java.base/java.lang.String.substring(String.java:2709)
	at blockchain.MyThread.run(MyThread.java:54)
Exception in thread "Thread-475" java.lang.StringIndexOutOfBoundsException: begin 0, end -1, length 0
	at java.base/java.lang.String.checkBoundsBeginEnd(String.java:4606)
	at java.base/java.lang.String.substring(String.java:2709)
	at blockchain.MyThread.run(MyThread.java:54)
Exception in thread "Thread-472" java.lang.StringIndexOutOfBoundsException: begin 0, end -1, length 0
	at java.base/java.lang.String.checkBoundsBeginEnd(String.java:4606)
	at java.base/java.lang.String.substring(String.java:2709)
	at blockchain.MyThread.run(MyThread.java:54)
Exception in thread "Thread-466" java.lang.StringIndexOutOfBoundsException: begin 0, end -1, length 0
	at java.base/java.lang.String.checkBoundsBeginEnd(String.java:4606)
	at java.base/java.lang.String.substring(String.java:2709)
	at blockchain.MyThread.run(MyThread.java:54)
Exception in thread "Thread-468" java.lang.StringIndexOutOfBoundsException: begin 0, end -1, length 0
	at java.base/java.lang.String.checkBoundsBeginEnd(String.java:4606)
	at java.base/java.lang.String.substring(String.java:2709)
	at blockchain.MyThread.run(MyThread.java:54)
Exception in thread "Thread-462" java.lang.StringIndexOutOfBoundsException: begin 0, end -1, length 0
	at java.base/java.lang.String.checkBoundsBeginEnd(String.java:4606)
	at java.base/java.lang.String.substring(String.java:2709)
	at blockchain.MyThread.run(MyThread.java:54)
Exception in thread "Thread-460" java.lang.StringIndexOutOfBoundsException: begin 0, end -1, length 0
	at java.base/java.lang.String.checkBoundsBeginEnd(String.java:4606)
	at java.base/java.lang.String.substring(String.java:2709)
	at blockchain.MyThread.run(MyThread.java:54)
Exception in thread "Thread-458" java.lang.StringIndexOutOfBoundsException: begin 0, end -1, length 0
	at java.base/java.lang.String.checkBoundsBeginEnd(String.java:4606)
	at java.base/java.lang.String.substring(String.java:2709)
	at blockchain.MyThread.run(MyThread.java:54)
Exception in thread "Thread-456" java.lang.StringIndexOutOfBoundsException: begin 0, end -1, length 0
	at java.base/java.lang.String.checkBoundsBeginEnd(String.java:4606)
	at java.base/java.lang.String.substring(String.java:2709)
	at blockchain.MyThread.run(MyThread.java:54)
Exception in thread "Thread-454" java.lang.StringIndexOutOfBoundsException: begin 0, end -1, length 0
	at java.base/java.lang.String.checkBoundsBeginEnd(String.java:4606)
	at java.base/java.lang.String.substring(String.java:2709)
	at blockchain.MyThread.run(MyThread.java:54)
Exception in thread "Thread-452" java.lang.StringIndexOutOfBoundsException: begin 0, end -1, length 0
	at java.base/java.lang.String.checkBoundsBeginEnd(String.java:4606)
	at java.base/java.lang.String.substring(String.java:2709)
	at blockchain.MyThread.run(MyThread.java:54)
Exception in thread "Thread-448" java.lang.StringIndexOutOfBoundsException: begin 0, end -1, length 0
	at java.base/java.lang.String.checkBoundsBeginEnd(String.java:4606)
	at java.base/java.lang.String.substring(String.java:2709)
	at blockchain.MyThread.run(MyThread.java:54)
Exception in thread "Thread-450" java.lang.StringIndexOutOfBoundsException: begin 0, end -1, length 0
	at java.base/java.lang.String.checkBoundsBeginEnd(String.java:4606)
	at java.base/java.lang.String.substring(String.java:2709)
	at blockchain.MyThread.run(MyThread.java:54)
Exception in thread "Thread-446" java.lang.StringIndexOutOfBoundsException: begin 0, end -1, length 0
	at java.base/java.lang.String.checkBoundsBeginEnd(String.java:4606)
	at java.base/java.lang.String.substring(String.java:2709)
	at blockchain.MyThread.run(MyThread.java:54)
Exception in thread "Thread-442" java.lang.StringIndexOutOfBoundsException: begin 0, end -1, length 0
	at java.base/java.lang.String.checkBoundsBeginEnd(String.java:4606)
	at java.base/java.lang.String.substring(String.java:2709)
	at blockchain.MyThread.run(MyThread.java:54)
Exception in thread "Thread-444" java.lang.StringIndexOutOfBoundsException: begin 0, end -1, length 0
	at java.base/java.lang.String.checkBoundsBeginEnd(String.java:4606)
	at java.base/java.lang.String.substring(String.java:2709)
	at blockchain.MyThread.run(MyThread.java:54)
Exception in thread "Thread-438" java.lang.StringIndexOutOfBoundsException: begin 0, end -1, length 0
	at java.base/java.lang.String.checkBoundsBeginEnd(String.java:4606)
	at java.base/java.lang.String.substring(String.java:2709)
	at blockchain.MyThread.run(MyThread.java:54)
Exception in thread "Thread-428" java.lang.StringIndexOutOfBoundsException: begin 0, end -1, length 0
	at java.base/java.lang.String.checkBoundsBeginEnd(String.java:4606)
	at java.base/java.lang.String.substring(String.java:2709)
	at blockchain.MyThread.run(MyThread.java:54)
Exception in thread "Thread-436" java.lang.StringIndexOutOfBoundsException: begin 0, end -1, length 0
	at java.base/java.lang.String.checkBoundsBeginEnd(String.java:4606)
	at java.base/java.lang.String.substring(String.java:2709)
	at blockchain.MyThread.run(MyThread.java:54)
Exception in thread "Thread-430" java.lang.StringIndexOutOfBoundsException: begin 0, end -1, length 0
	at java.base/java.lang.String.checkBoundsBeginEnd(String.java:4606)
	at java.base/java.lang.String.substring(String.java:2709)
	at blockchain.MyThread.run(MyThread.java:54)
Exception in thread "Thread-433" java.lang.StringIndexOutOfBoundsException: begin 0, end -1, length 0
	at java.base/java.lang.String.checkBoundsBeginEnd(String.java:4606)
	at java.base/java.lang.String.substring(String.java:2709)
	at blockchain.MyThread.run(MyThread.java:54)
Exception in thread "Thread-432" java.lang.StringIndexOutOfBoundsException: begin 0, end -1, length 0
	at java.base/java.lang.String.checkBoundsBeginEnd(String.java:4606)
	at java.base/java.lang.String.substring(String.java:2709)
	at blockchain.MyThread.run(MyThread.java:54)
Exception in thread "Thread-426" java.lang.StringIndexOutOfBoundsException: begin 0, end -1, length 0
	at java.base/java.lang.String.checkBoundsBeginEnd(String.java:4606)
	at java.base/java.lang.String.substring(String.java:2709)
	at blockchain.MyThread.run(MyThread.java:54)
Exception in thread "Thread-422" java.lang.StringIndexOutOfBoundsException: begin 0, end -1, length 0
	at java.base/java.lang.String.checkBoundsBeginEnd(String.java:4606)
	at java.base/java.lang.String.substring(String.java:2709)
	at blockchain.MyThread.run(MyThread.java:54)
Exception in thread "Thread-416" java.lang.StringIndexOutOfBoundsException: begin 0, end -1, length 0
	at java.base/java.lang.String.checkBoundsBeginEnd(String.java:4606)
	at java.base/java.lang.String.substring(String.java:2709)
	at blockchain.MyThread.run(MyThread.java:54)
Exception in thread "Thread-420" java.lang.StringIndexOutOfBoundsException: begin 0, end -1, length 0
	at java.base/java.lang.String.checkBoundsBeginEnd(String.java:4606)
	at java.base/java.lang.String.substring(String.java:2709)
	at blockchain.MyThread.run(MyThread.java:54)
Exception in thread "Thread-424" java.lang.StringIndexOutOfBoundsException: begin 0, end -1, length 0
	at java.base/java.lang.String.checkBoundsBeginEnd(String.java:4606)
	at java.base/java.lang.String.substring(String.java:2709)
	at blockchain.MyThread.run(MyThread.java:54)
Exception in thread "Thread-404" java.lang.StringIndexOutOfBoundsException: begin 0, end -1, length 0
	at java.base/java.lang.String.checkBoundsBeginEnd(String.java:4606)
	at java.base/java.lang.String.substring(String.java:2709)
	at blockchain.MyThread.run(MyThread.java:54)
Exception in thread "Thread-412" java.lang.StringIndexOutOfBoundsException: begin 0, end -1, length 0
	at java.base/java.lang.String.checkBoundsBeginEnd(String.java:4606)
	at java.base/java.lang.String.substring(String.java:2709)
	at blockchain.MyThread.run(MyThread.java:54)
Exception in thread "Thread-410" java.lang.StringIndexOutOfBoundsException: begin 0, end -1, length 0
	at java.base/java.lang.String.checkBoundsBeginEnd(String.java:4606)
	at java.base/java.lang.String.substring(String.java:2709)
	at blockchain.MyThread.run(MyThread.java:54)
Exception in thread "Thread-408" java.lang.StringIndexOutOfBoundsException: begin 0, end -1, length 0
	at java.base/java.lang.String.checkBoundsBeginEnd(String.java:4606)
	at java.base/java.lang.String.substring(String.java:2709)
	at blockchain.MyThread.run(MyThread.java:54)
Exception in thread "Thread-406" java.lang.StringIndexOutOfBoundsException: begin 0, end -1, length 0
	at java.base/java.lang.String.checkBoundsBeginEnd(String.java:4606)
	at java.base/java.lang.String.substring(String.java:2709)
	at blockchain.MyThread.run(MyThread.java:54)
Exception in thread "Thread-400" java.lang.StringIndexOutOfBoundsException: begin 0, end -1, length 0
	at java.base/java.lang.String.checkBoundsBeginEnd(String.java:4606)
	at java.base/java.lang.String.substring(String.java:2709)
	at blockchain.MyThread.run(MyThread.java:54)
Exception in thread "Thread-396" java.lang.StringIndexOutOfBoundsException: begin 0, end -1, length 0
	at java.base/java.lang.String.checkBoundsBeginEnd(String.java:4606)
	at java.base/java.lang.String.substring(String.java:2709)
	at blockchain.MyThread.run(MyThread.java:54)
Exception in thread "Thread-401" java.lang.StringIndexOutOfBoundsException: begin 0, end -1, length 0
	at java.base/java.lang.String.checkBoundsBeginEnd(String.java:4606)
	at java.base/java.lang.String.substring(String.java:2709)
	at blockchain.MyThread.run(MyThread.java:54)
Exception in thread "Thread-398" java.lang.StringIndexOutOfBoundsException: begin 0, end -1, length 0
	at java.base/java.lang.String.checkBoundsBeginEnd(String.java:4606)
	at java.base/java.lang.String.substring(String.java:2709)
	at blockchain.MyThread.run(MyThread.java:54)
Exception in thread "Thread-392" java.lang.StringIndexOutOfBoundsException: begin 0, end -1, length 0
	at java.base/java.lang.String.checkBoundsBeginEnd(String.java:4606)
	at java.base/java.lang.String.substring(String.java:2709)
	at blockchain.MyThread.run(MyThread.java:54)
Exception in thread "Thread-394" java.lang.StringIndexOutOfBoundsException: begin 0, end -1, length 0
	at java.base/java.lang.String.checkBoundsBeginEnd(String.java:4606)
	at java.base/java.lang.String.substring(String.java:2709)
	at blockchain.MyThread.run(MyThread.java:54)
Exception in thread "Thread-388" java.lang.StringIndexOutOfBoundsException: begin 0, end -1, length 0
	at java.base/java.lang.String.checkBoundsBeginEnd(String.java:4606)
	at java.base/java.lang.String.substring(String.java:2709)
	at blockchain.MyThread.run(MyThread.java:54)
Exception in thread "Thread-386" java.lang.StringIndexOutOfBoundsException: begin 0, end -1, length 0
	at java.base/java.lang.String.checkBoundsBeginEnd(String.java:4606)
	at java.base/java.lang.String.substring(String.java:2709)
	at blockchain.MyThread.run(MyThread.java:54)
Exception in thread "Thread-376" java.lang.StringIndexOutOfBoundsException: begin 0, end -1, length 0
	at java.base/java.lang.String.checkBoundsBeginEnd(String.java:4606)
	at java.base/java.lang.String.substring(String.java:2709)
	at blockchain.MyThread.run(MyThread.java:54)
Exception in thread "Thread-374" java.lang.StringIndexOutOfBoundsException: begin 0, end -1, length 0
	at java.base/java.lang.String.checkBoundsBeginEnd(String.java:4606)
	at java.base/java.lang.String.substring(String.java:2709)
	at blockchain.MyThread.run(MyThread.java:54)
Exception in thread "Thread-382" java.lang.StringIndexOutOfBoundsException: begin 0, end -1, length 0
	at java.base/java.lang.String.checkBoundsBeginEnd(String.java:4606)
	at java.base/java.lang.String.substring(String.java:2709)
	at blockchain.MyThread.run(MyThread.java:54)
Exception in thread "Thread-370" java.lang.StringIndexOutOfBoundsException: begin 0, end -1, length 0
	at java.base/java.lang.String.checkBoundsBeginEnd(String.java:4606)
	at java.base/java.lang.String.substring(String.java:2709)
	at blockchain.MyThread.run(MyThread.java:54)
Exception in thread "Thread-380" java.lang.StringIndexOutOfBoundsException: begin 0, end -1, length 0
	at java.base/java.lang.String.checkBoundsBeginEnd(String.java:4606)
	at java.base/java.lang.String.substring(String.java:2709)
	at blockchain.MyThread.run(MyThread.java:54)
Exception in thread "Thread-372" java.lang.StringIndexOutOfBoundsException: begin 0, end -1, length 0
	at java.base/java.lang.String.checkBoundsBeginEnd(String.java:4606)
	at java.base/java.lang.String.substring(String.java:2709)
	at blockchain.MyThread.run(MyThread.java:54)
Exception in thread "Thread-377" java.lang.StringIndexOutOfBoundsException: begin 0, end -1, length 0
	at java.base/java.lang.String.checkBoundsBeginEnd(String.java:4606)
	at java.base/java.lang.String.substring(String.java:2709)
	at blockchain.MyThread.run(MyThread.java:54)
Exception in thread "Thread-368" java.lang.StringIndexOutOfBoundsException: begin 0, end -1, length 0
	at java.base/java.lang.String.checkBoundsBeginEnd(String.java:4606)
	at java.base/java.lang.String.substring(String.java:2709)
	at blockchain.MyThread.run(MyThread.java:54)
Exception in thread "Thread-384" java.lang.StringIndexOutOfBoundsException: begin 0, end -1, length 0
	at java.base/java.lang.String.checkBoundsBeginEnd(String.java:4606)
	at java.base/java.lang.String.substring(String.java:2709)
	at blockchain.MyThread.run(MyThread.java:54)
Exception in thread "Thread-366" java.lang.StringIndexOutOfBoundsException: begin 0, end -1, length 0
	at java.base/java.lang.String.checkBoundsBeginEnd(String.java:4606)
	at java.base/java.lang.String.substring(String.java:2709)
	at blockchain.MyThread.run(MyThread.java:54)
Exception in thread "Thread-364" java.lang.StringIndexOutOfBoundsException: begin 0, end -1, length 0
	at java.base/java.lang.String.checkBoundsBeginEnd(String.java:4606)
	at java.base/java.lang.String.substring(String.java:2709)
	at blockchain.MyThread.run(MyThread.java:54)
Exception in thread "Thread-358" java.lang.StringIndexOutOfBoundsException: begin 0, end -1, length 0
	at java.base/java.lang.String.checkBoundsBeginEnd(String.java:4606)
	at java.base/java.lang.String.substring(String.java:2709)
	at blockchain.MyThread.run(MyThread.java:54)
Exception in thread "Thread-360" java.lang.StringIndexOutOfBoundsException: begin 0, end -1, length 0
	at java.base/java.lang.String.checkBoundsBeginEnd(String.java:4606)
	at java.base/java.lang.String.substring(String.java:2709)
	at blockchain.MyThread.run(MyThread.java:54)
Exception in thread "Thread-362" java.lang.StringIndexOutOfBoundsException: begin 0, end -1, length 0
	at java.base/java.lang.String.checkBoundsBeginEnd(String.java:4606)
	at java.base/java.lang.String.substring(String.java:2709)
	at blockchain.MyThread.run(MyThread.java:54)
Exception in thread "Thread-354" java.lang.StringIndexOutOfBoundsException: begin 0, end -1, length 0
	at java.base/java.lang.String.checkBoundsBeginEnd(String.java:4606)
	at java.base/java.lang.String.substring(String.java:2709)
	at blockchain.MyThread.run(MyThread.java:54)
Exception in thread "Thread-356" java.lang.StringIndexOutOfBoundsException: begin 0, end -1, length 0
	at java.base/java.lang.String.checkBoundsBeginEnd(String.java:4606)
	at java.base/java.lang.String.substring(String.java:2709)
	at blockchain.MyThread.run(MyThread.java:54)
Exception in thread "Thread-350" java.lang.StringIndexOutOfBoundsException: begin 0, end -1, length 0
	at java.base/java.lang.String.checkBoundsBeginEnd(String.java:4606)
	at java.base/java.lang.String.substring(String.java:2709)
	at blockchain.MyThread.run(MyThread.java:54)
Exception in thread "Thread-338" java.lang.StringIndexOutOfBoundsException: begin 0, end -1, length 0
	at java.base/java.lang.String.checkBoundsBeginEnd(String.java:4606)
	at java.base/java.lang.String.substring(String.java:2709)
	at blockchain.MyThread.run(MyThread.java:54)
Exception in thread "Thread-346" java.lang.StringIndexOutOfBoundsException: begin 0, end -1, length 0
	at java.base/java.lang.String.checkBoundsBeginEnd(String.java:4606)
	at java.base/java.lang.String.substring(String.java:2709)
	at blockchain.MyThread.run(MyThread.java:54)
Exception in thread "Thread-323" java.lang.StringIndexOutOfBoundsException: begin 0, end -1, length 0
	at java.base/java.lang.String.checkBoundsBeginEnd(String.java:4606)
	at java.base/java.lang.String.substring(String.java:2709)
	at blockchain.MyThread.run(MyThread.java:54)
Exception in thread "Thread-345" java.lang.StringIndexOutOfBoundsException: begin 0, end -1, length 0
	at java.base/java.lang.String.checkBoundsBeginEnd(String.java:4606)
	at java.base/java.lang.String.substring(String.java:2709)
	at blockchain.MyThread.run(MyThread.java:54)
Exception in thread "Thread-344" java.lang.StringIndexOutOfBoundsException: begin 0, end -1, length 0
	at java.base/java.lang.String.checkBoundsBeginEnd(String.java:4606)
	at java.base/java.lang.String.substring(String.java:2709)
	at blockchain.MyThread.run(MyThread.java:54)
Exception in thread "Thread-342" java.lang.StringIndexOutOfBoundsException: begin 0, end -1, length 0
	at java.base/java.lang.String.checkBoundsBeginEnd(String.java:4606)
	at java.base/java.lang.String.substring(String.java:2709)
	at blockchain.MyThread.run(MyThread.java:54)
Exception in thread "Thread-340" java.lang.StringIndexOutOfBoundsException: begin 0, end -1, length 0
	at java.base/java.lang.String.checkBoundsBeginEnd(String.java:4606)
	at java.base/java.lang.String.substring(String.java:2709)
	at blockchain.MyThread.run(MyThread.java:54)
Exception in thread "Thread-336" java.lang.StringIndexOutOfBoundsException: begin 0, end -1, length 0
	at java.base/java.lang.String.checkBoundsBeginEnd(String.java:4606)
	at java.base/java.lang.String.substring(String.java:2709)
	at blockchain.MyThread.run(MyThread.java:54)
Exception in thread "Thread-320" java.lang.StringIndexOutOfBoundsException: begin 0, end -1, length 0
	at java.base/java.lang.String.checkBoundsBeginEnd(String.java:4606)
	at java.base/java.lang.String.substring(String.java:2709)
	at blockchain.MyThread.run(MyThread.java:54)
Exception in thread "Thread-322" java.lang.StringIndexOutOfBoundsException: begin 0, end -1, length 0
	at java.base/java.lang.String.checkBoundsBeginEnd(String.java:4606)
	at java.base/java.lang.String.substring(String.java:2709)
	at blockchain.MyThread.run(MyThread.java:54)
Exception in thread "Thread-332" java.lang.StringIndexOutOfBoundsException: begin 0, end -1, length 0
	at java.base/java.lang.String.checkBoundsBeginEnd(String.java:4606)
	at java.base/java.lang.String.substring(String.java:2709)
	at blockchain.MyThread.run(MyThread.java:54)
Exception in thread "Thread-329" java.lang.StringIndexOutOfBoundsException: begin 0, end -1, length 0
	at java.base/java.lang.String.checkBoundsBeginEnd(String.java:4606)
	at java.base/java.lang.String.substring(String.java:2709)
	at blockchain.MyThread.run(MyThread.java:54)
Exception in thread "Thread-318" java.lang.StringIndexOutOfBoundsException: begin 0, end -1, length 0
	at java.base/java.lang.String.checkBoundsBeginEnd(String.java:4606)
	at java.base/java.lang.String.substring(String.java:2709)
	at blockchain.MyThread.run(MyThread.java:54)
Exception in thread "Thread-328" java.lang.StringIndexOutOfBoundsException: begin 0, end -1, length 0
	at java.base/java.lang.String.checkBoundsBeginEnd(String.java:4606)
	at java.base/java.lang.String.substring(String.java:2709)
	at blockchain.MyThread.run(MyThread.java:54)
Exception in thread "Thread-326" java.lang.StringIndexOutOfBoundsException: begin 0, end -1, length 0
	at java.base/java.lang.String.checkBoundsBeginEnd(String.java:4606)
	at java.base/java.lang.String.substring(String.java:2709)
	at blockchain.MyThread.run(MyThread.java:54)
Exception in thread "Thread-333" java.lang.StringIndexOutOfBoundsException: begin 0, end -1, length 0
	at java.base/java.lang.String.checkBoundsBeginEnd(String.java:4606)
	at java.base/java.lang.String.substring(String.java:2709)
	at blockchain.MyThread.run(MyThread.java:54)
Exception in thread "Thread-316" java.lang.StringIndexOutOfBoundsException: begin 0, end -1, length 0
	at java.base/java.lang.String.checkBoundsBeginEnd(String.java:4606)
	at java.base/java.lang.String.substring(String.java:2709)
	at blockchain.MyThread.run(MyThread.java:54)
Exception in thread "Thread-314" java.lang.StringIndexOutOfBoundsException: begin 0, end -1, length 0
	at java.base/java.lang.String.checkBoundsBeginEnd(String.java:4606)
	at java.base/java.lang.String.substring(String.java:2709)
	at blockchain.MyThread.run(MyThread.java:54)
Exception in thread "Thread-312" java.lang.StringIndexOutOfBoundsException: begin 0, end -1, length 0
	at java.base/java.lang.String.checkBoundsBeginEnd(String.java:4606)
	at java.base/java.lang.String.substring(String.java:2709)
	at blockchain.MyThread.run(MyThread.java:54)
Exception in thread "Thread-308" java.lang.StringIndexOutOfBoundsException: begin 0, end -1, length 0
	at java.base/java.lang.String.checkBoundsBeginEnd(String.java:4606)
	at java.base/java.lang.String.substring(String.java:2709)
	at blockchain.MyThread.run(MyThread.java:54)
Exception in thread "Thread-310" java.lang.StringIndexOutOfBoundsException: begin 0, end -1, length 0
	at java.base/java.lang.String.checkBoundsBeginEnd(String.java:4606)
	at java.base/java.lang.String.substring(String.java:2709)
	at blockchain.MyThread.run(MyThread.java:54)
Exception in thread "Thread-306" java.lang.StringIndexOutOfBoundsException: begin 0, end -1, length 0
	at java.base/java.lang.String.checkBoundsBeginEnd(String.java:4606)
	at java.base/java.lang.String.substring(String.java:2709)
	at blockchain.MyThread.run(MyThread.java:54)
Exception in thread "Thread-304" java.lang.StringIndexOutOfBoundsException: begin 0, end -1, length 0
	at java.base/java.lang.String.checkBoundsBeginEnd(String.java:4606)
	at java.base/java.lang.String.substring(String.java:2709)
	at blockchain.MyThread.run(MyThread.java:54)
Exception in thread "Thread-301" java.lang.StringIndexOutOfBoundsException: begin 0, end -1, length 0
	at java.base/java.lang.String.checkBoundsBeginEnd(String.java:4606)
	at java.base/java.lang.String.substring(String.java:2709)
	at blockchain.MyThread.run(MyThread.java:54)
Exception in thread "Thread-296" java.lang.StringIndexOutOfBoundsException: begin 0, end -1, length 0
	at java.base/java.lang.String.checkBoundsBeginEnd(String.java:4606)
	at java.base/java.lang.String.substring(String.java:2709)
	at blockchain.MyThread.run(MyThread.java:54)
Exception in thread "Thread-298" java.lang.StringIndexOutOfBoundsException: begin 0, end -1, length 0
	at java.base/java.lang.String.checkBoundsBeginEnd(String.java:4606)
	at java.base/java.lang.String.substring(String.java:2709)
	at blockchain.MyThread.run(MyThread.java:54)
Exception in thread "Thread-292" java.lang.StringIndexOutOfBoundsException: begin 0, end -1, length 0
	at java.base/java.lang.String.checkBoundsBeginEnd(String.java:4606)
	at java.base/java.lang.String.substring(String.java:2709)
	at blockchain.MyThread.run(MyThread.java:54)
Exception in thread "Thread-294" java.lang.StringIndexOutOfBoundsException: begin 0, end -1, length 0
	at java.base/java.lang.String.checkBoundsBeginEnd(String.java:4606)
	at java.base/java.lang.String.substring(String.java:2709)
	at blockchain.MyThread.run(MyThread.java:54)
Exception in thread "Thread-299" java.lang.StringIndexOutOfBoundsException: begin 0, end -1, length 0
	at java.base/java.lang.String.checkBoundsBeginEnd(String.java:4606)
	at java.base/java.lang.String.substring(String.java:2709)
	at blockchain.MyThread.run(MyThread.java:54)
Exception in thread "Thread-290" java.lang.StringIndexOutOfBoundsException: begin 0, end -1, length 0
	at java.base/java.lang.String.checkBoundsBeginEnd(String.java:4606)
	at java.base/java.lang.String.substring(String.java:2709)
	at blockchain.MyThread.run(MyThread.java:54)
Exception in thread "Thread-288" java.lang.StringIndexOutOfBoundsException: begin 0, end -1, length 0
	at java.base/java.lang.String.checkBoundsBeginEnd(String.java:4606)
	at java.base/java.lang.String.substring(String.java:2709)
	at blockchain.MyThread.run(MyThread.java:54)
Exception in thread "Thread-268" java.lang.StringIndexOutOfBoundsException: begin 0, end -1, length 0
	at java.base/java.lang.String.checkBoundsBeginEnd(String.java:4606)
	at java.base/java.lang.String.substring(String.java:2709)
	at blockchain.MyThread.run(MyThread.java:54)
Exception in thread "Thread-282" java.lang.StringIndexOutOfBoundsException: begin 0, end -1, length 0
	at java.base/java.lang.String.checkBoundsBeginEnd(String.java:4606)
	at java.base/java.lang.String.substring(String.java:2709)
	at blockchain.MyThread.run(MyThread.java:54)
Exception in thread "Thread-286" java.lang.StringIndexOutOfBoundsException: begin 0, end -1, length 0
	at java.base/java.lang.String.checkBoundsBeginEnd(String.java:4606)
	at java.base/java.lang.String.substring(String.java:2709)
	at blockchain.MyThread.run(MyThread.java:54)
Exception in thread "Thread-284" java.lang.StringIndexOutOfBoundsException: begin 0, end -1, length 0
	at java.base/java.lang.String.checkBoundsBeginEnd(String.java:4606)
	at java.base/java.lang.String.substring(String.java:2709)
	at blockchain.MyThread.run(MyThread.java:54)
Exception in thread "Thread-260" java.lang.StringIndexOutOfBoundsException: begin 0, end -1, length 0
	at java.base/java.lang.String.checkBoundsBeginEnd(String.java:4606)
	at java.base/java.lang.String.substring(String.java:2709)
	at blockchain.MyThread.run(MyThread.java:54)
Exception in thread "Thread-280" java.lang.StringIndexOutOfBoundsException: begin 0, end -1, length 0
	at java.base/java.lang.String.checkBoundsBeginEnd(String.java:4606)
	at java.base/java.lang.String.substring(String.java:2709)
	at blockchain.MyThread.run(MyThread.java:54)
Exception in thread "Thread-266" java.lang.StringIndexOutOfBoundsException: begin 0, end -1, length 0
	at java.base/java.lang.String.checkBoundsBeginEnd(String.java:4606)
	at java.base/java.lang.String.substring(String.java:2709)
	at blockchain.MyThread.run(MyThread.java:54)
Exception in thread "Thread-278" java.lang.StringIndexOutOfBoundsException: begin 0, end -1, length 0
	at java.base/java.lang.String.checkBoundsBeginEnd(String.java:4606)
	at java.base/java.lang.String.substring(String.java:2709)
	at blockchain.MyThread.run(MyThread.java:54)
Exception in thread "Thread-256" java.lang.StringIndexOutOfBoundsException: begin 0, end -1, length 0
	at java.base/java.lang.String.checkBoundsBeginEnd(String.java:4606)
	at java.base/java.lang.String.substring(String.java:2709)
	at blockchain.MyThread.run(MyThread.java:54)
Exception in thread "Thread-276" java.lang.StringIndexOutOfBoundsException: begin 0, end -1, length 0
	at java.base/java.lang.String.checkBoundsBeginEnd(String.java:4606)
	at java.base/java.lang.String.substring(String.java:2709)
	at blockchain.MyThread.run(MyThread.java:54)
Exception in thread "Thread-264" java.lang.StringIndexOutOfBoundsException: begin 0, end -1, length 0
	at java.base/java.lang.String.checkBoundsBeginEnd(String.java:4606)
	at java.base/java.lang.String.substring(String.java:2709)
	at blockchain.MyThread.run(MyThread.java:54)
Exception in thread "Thread-258" java.lang.StringIndexOutOfBoundsException: begin 0, end -1, length 0
	at java.base/java.lang.String.checkBoundsBeginEnd(String.java:4606)
	at java.base/java.lang.String.substring(String.java:2709)
	at blockchain.MyThread.run(MyThread.java:54)
Exception in thread "Thread-272" java.lang.StringIndexOutOfBoundsException: begin 0, end -1, length 0
	at java.base/java.lang.String.checkBoundsBeginEnd(String.java:4606)
	at java.base/java.lang.String.substring(String.java:2709)
	at blockchain.MyThread.run(MyThread.java:54)
Exception in thread "Thread-262" java.lang.StringIndexOutOfBoundsException: begin 0, end -1, length 0
	at java.base/java.lang.String.checkBoundsBeginEnd(String.java:4606)
	at java.base/java.lang.String.substring(String.java:2709)
	at blockchain.MyThread.run(MyThread.java:54)
Exception in thread "Thread-270" java.lang.StringIndexOutOfBoundsException: begin 0, end -1, length 0
	at java.base/java.lang.String.checkBoundsBeginEnd(String.java:4606)
	at java.base/java.lang.String.substring(String.java:2709)
	at blockchain.MyThread.run(MyThread.java:54)
Exception in thread "Thread-254" java.lang.StringIndexOutOfBoundsException: begin 0, end -1, length 0
	at java.base/java.lang.String.checkBoundsBeginEnd(String.java:4606)
	at java.base/java.lang.String.substring(String.java:2709)
	at blockchain.MyThread.run(MyThread.java:54)
Exception in thread "Thread-248" java.lang.StringIndexOutOfBoundsException: begin 0, end -1, length 0
	at java.base/java.lang.String.checkBoundsBeginEnd(String.java:4606)
	at java.base/java.lang.String.substring(String.java:2709)
	at blockchain.MyThread.run(MyThread.java:54)
Exception in thread "Thread-252" java.lang.StringIndexOutOfBoundsException: begin 0, end -1, length 0
	at java.base/java.lang.String.checkBoundsBeginEnd(String.java:4606)
	at java.base/java.lang.String.substring(String.java:2709)
	at blockchain.MyThread.run(MyThread.java:54)
Exception in thread "Thread-250" java.lang.StringIndexOutOfBoundsException: begin 0, end -1, length 0
	at java.base/java.lang.String.checkBoundsBeginEnd(String.java:4606)
	at java.base/java.lang.String.substring(String.java:2709)
	at blockchain.MyThread.run(MyThread.java:54)
Exception in thread "Thread-239" java.lang.StringIndexOutOfBoundsException: begin 0, end -1, length 0
	at java.base/java.lang.String.checkBoundsBeginEnd(String.java:4606)
	at java.base/java.lang.String.substring(String.java:2709)
	at blockchain.MyThread.run(MyThread.java:54)
Exception in thread "Thread-246" java.lang.StringIndexOutOfBoundsException: begin 0, end -1, length 0
	at java.base/java.lang.String.checkBoundsBeginEnd(String.java:4606)
	at java.base/java.lang.String.substring(String.java:2709)
	at blockchain.MyThread.run(MyThread.java:54)
Exception in thread "Thread-238" java.lang.StringIndexOutOfBoundsException: begin 0, end -1, length 0
	at java.base/java.lang.String.checkBoundsBeginEnd(String.java:4606)
	at java.base/java.lang.String.substring(String.java:2709)
	at blockchain.MyThread.run(MyThread.java:54)
Exception in thread "Thread-243" java.lang.StringIndexOutOfBoundsException: begin 0, end -1, length 0
	at java.base/java.lang.String.checkBoundsBeginEnd(String.java:4606)
	at java.base/java.lang.String.substring(String.java:2709)
	at blockchain.MyThread.run(MyThread.java:54)
Exception in thread "Thread-236" java.lang.StringIndexOutOfBoundsException: begin 0, end -1, length 0
	at java.base/java.lang.String.checkBoundsBeginEnd(String.java:4606)
	at java.base/java.lang.String.substring(String.java:2709)
	at blockchain.MyThread.run(MyThread.java:54)
Exception in thread "Thread-242" java.lang.StringIndexOutOfBoundsException: begin 0, end -1, length 0
	at java.base/java.lang.String.checkBoundsBeginEnd(String.java:4606)
	at java.base/java.lang.String.substring(String.java:2709)
	at blockchain.MyThread.run(MyThread.java:54)
Exception in thread "Thread-234" java.lang.StringIndexOutOfBoundsException: begin 0, end -1, length 0
	at java.base/java.lang.String.checkBoundsBeginEnd(String.java:4606)
	at java.base/java.lang.String.substring(String.java:2709)
	at blockchain.MyThread.run(MyThread.java:54)
Exception in thread "Thread-232" java.lang.StringIndexOutOfBoundsException: begin 0, end -1, length 0
	at java.base/java.lang.String.checkBoundsBeginEnd(String.java:4606)
	at java.base/java.lang.String.substring(String.java:2709)
	at blockchain.MyThread.run(MyThread.java:54)
Exception in thread "Thread-230" java.lang.StringIndexOutOfBoundsException: begin 0, end -1, length 0
	at java.base/java.lang.String.checkBoundsBeginEnd(String.java:4606)
	at java.base/java.lang.String.substring(String.java:2709)
	at blockchain.MyThread.run(MyThread.java:54)
Exception in thread "Thread-220" java.lang.StringIndexOutOfBoundsException: begin 0, end -1, length 0
	at java.base/java.lang.String.checkBoundsBeginEnd(String.java:4606)
	at java.base/java.lang.String.substring(String.java:2709)
	at blockchain.MyThread.run(MyThread.java:54)
Exception in thread "Thread-226" java.lang.StringIndexOutOfBoundsException: begin 0, end -1, length 0
	at java.base/java.lang.String.checkBoundsBeginEnd(String.java:4606)
	at java.base/java.lang.String.substring(String.java:2709)
	at blockchain.MyThread.run(MyThread.java:54)
Exception in thread "Thread-224" java.lang.StringIndexOutOfBoundsException: begin 0, end -1, length 0
	at java.base/java.lang.String.checkBoundsBeginEnd(String.java:4606)
	at java.base/java.lang.String.substring(String.java:2709)
	at blockchain.MyThread.run(MyThread.java:54)
Exception in thread "Thread-218" java.lang.StringIndexOutOfBoundsException: begin 0, end -1, length 0
	at java.base/java.lang.String.checkBoundsBeginEnd(String.java:4606)
	at java.base/java.lang.String.substring(String.java:2709)
	at blockchain.MyThread.run(MyThread.java:54)
Exception in thread "Thread-216" java.lang.StringIndexOutOfBoundsException: begin 0, end -1, length 0
	at java.base/java.lang.String.checkBoundsBeginEnd(String.java:4606)
	at java.base/java.lang.String.substring(String.java:2709)
	at blockchain.MyThread.run(MyThread.java:54)
Exception in thread "Thread-214" java.lang.StringIndexOutOfBoundsException: begin 0, end -1, length 0
	at java.base/java.lang.String.checkBoundsBeginEnd(String.java:4606)
	at java.base/java.lang.String.substring(String.java:2709)
	at blockchain.MyThread.run(MyThread.java:54)
Exception in thread "Thread-212" java.lang.StringIndexOutOfBoundsException: begin 0, end -1, length 0
	at java.base/java.lang.String.checkBoundsBeginEnd(String.java:4606)
	at java.base/java.lang.String.substring(String.java:2709)
	at blockchain.MyThread.run(MyThread.java:54)
Exception in thread "Thread-209" java.lang.StringIndexOutOfBoundsException: begin 0, end -1, length 0
	at java.base/java.lang.String.checkBoundsBeginEnd(String.java:4606)
	at java.base/java.lang.String.substring(String.java:2709)
	at blockchain.MyThread.run(MyThread.java:54)
Exception in thread "Thread-202" java.lang.StringIndexOutOfBoundsException: begin 0, end -1, length 0
	at java.base/java.lang.String.checkBoundsBeginEnd(String.java:4606)
	at java.base/java.lang.String.substring(String.java:2709)
	at blockchain.MyThread.run(MyThread.java:54)
Exception in thread "Thread-194" java.lang.StringIndexOutOfBoundsException: begin 0, end -1, length 0
	at java.base/java.lang.String.checkBoundsBeginEnd(String.java:4606)
	at java.base/java.lang.String.substring(String.java:2709)
	at blockchain.MyThread.run(MyThread.java:54)
Exception in thread "Thread-207" java.lang.StringIndexOutOfBoundsException: begin 0, end -1, length 0
	at java.base/java.lang.String.checkBoundsBeginEnd(String.java:4606)
	at java.base/java.lang.String.substring(String.java:2709)
	at blockchain.MyThread.run(MyThread.java:54)
Exception in thread "Thread-205" java.lang.StringIndexOutOfBoundsException: begin 0, end -1, length 0
	at java.base/java.lang.String.checkBoundsBeginEnd(String.java:4606)
	at java.base/java.lang.String.substring(String.java:2709)
	at blockchain.MyThread.run(MyThread.java:54)
Exception in thread "Thread-196" java.lang.StringIndexOutOfBoundsException: begin 0, end -1, length 0
	at java.base/java.lang.String.checkBoundsBeginEnd(String.java:4606)
	at java.base/java.lang.String.substring(String.java:2709)
	at blockchain.MyThread.run(MyThread.java:54)
Exception in thread "Thread-198" java.lang.StringIndexOutOfBoundsException: begin 0, end -1, length 0
	at java.base/java.lang.String.checkBoundsBeginEnd(String.java:4606)
	at java.base/java.lang.String.substring(String.java:2709)
	at blockchain.MyThread.run(MyThread.java:54)
Exception in thread "Thread-204" java.lang.StringIndexOutOfBoundsException: begin 0, end -1, length 0
	at java.base/java.lang.String.checkBoundsBeginEnd(String.java:4606)
	at java.base/java.lang.String.substring(String.java:2709)
	at blockchain.MyThread.run(MyThread.java:54)
Exception in thread "Thread-200" java.lang.StringIndexOutOfBoundsException: begin 0, end -1, length 0
	at java.base/java.lang.String.checkBoundsBeginEnd(String.java:4606)
	at java.base/java.lang.String.substring(String.java:2709)
	at blockchain.MyThread.run(MyThread.java:54)
Exception in thread "Thread-188" java.lang.StringIndexOutOfBoundsException: begin 0, end -1, length 0
	at java.base/java.lang.String.checkBoundsBeginEnd(String.java:4606)
	at java.base/java.lang.String.substring(String.java:2709)
	at blockchain.MyThread.run(MyThread.java:54)
Exception in thread "Thread-228" java.lang.StringIndexOutOfBoundsException: begin 0, end -1, length 0
	at java.base/java.lang.String.checkBoundsBeginEnd(String.java:4606)
	at java.base/java.lang.String.substring(String.java:2709)
	at blockchain.MyThread.run(MyThread.java:54)
Exception in thread "Thread-274" java.lang.StringIndexOutOfBoundsException: begin 0, end -1, length 0
	at java.base/java.lang.String.checkBoundsBeginEnd(String.java:4606)
	at java.base/java.lang.String.substring(String.java:2709)
	at blockchain.MyThread.run(MyThread.java:54)
Exception in thread "Thread-352" java.lang.StringIndexOutOfBoundsException: begin 0, end -1, length 0
	at java.base/java.lang.String.checkBoundsBeginEnd(String.java:4606)
	at java.base/java.lang.String.substring(String.java:2709)
	at blockchain.MyThread.run(MyThread.java:54)
Exception in thread "Thread-418" java.lang.StringIndexOutOfBoundsException: begin 0, end -1, length 0
	at java.base/java.lang.String.checkBoundsBeginEnd(String.java:4606)
	at java.base/java.lang.String.substring(String.java:2709)
	at blockchain.MyThread.run(MyThread.java:54)
Exception in thread "Thread-414" java.lang.StringIndexOutOfBoundsException: begin 0, end -1, length 0
	at java.base/java.lang.String.checkBoundsBeginEnd(String.java:4606)
	at java.base/java.lang.String.substring(String.java:2709)
	at blockchain.MyThread.run(MyThread.java:54)
Exception in thread "Thread-498" java.lang.StringIndexOutOfBoundsException: begin 0, end -1, length 0
	at java.base/java.lang.String.checkBoundsBeginEnd(String.java:4606)
	at java.base/java.lang.String.substring(String.java:2709)
	at blockchain.MyThread.run(MyThread.java:54)
]]></system-err>
</testsuite>
