<?xml version="1.0" encoding="UTF-8"?>
<testsuite name="BlockchainTest" tests="1" skipped="0" failures="0" errors="0" timestamp="2024-03-14T02:44:27" hostname="C14166" time="0.094">
  <properties/>
  <testcase name="start" classname="BlockchainTest" time="0.094"/>
  <system-out><![CDATA[?[1;31m
Start test 1?[0m
Block:
Created by miner # pool-1-thread-1
Id: 1
Timestamp: 1710384267869
Magic number: -214203459
Hash of the previous block: 
0
Hash of the block: 
70301154aecff212604889066898008b2444915b4ddbcb8ebf3cee9ba360b492
Block was generating for 1 seconds
N value: 0

Block:
Created by miner # pool-2-thread-1
Id: 2
Timestamp: 1710384267870
Magic number: -1169347108
Hash of the previous block: 
70301154aecff212604889066898008b2444915b4ddbcb8ebf3cee9ba360b492
Hash of the block: 
da1be0227224ea980b47a2e913665eac00f5b95dff0029ca30e94055dbc71102
Block was generating for 2 seconds
N value: 0

Block:
Created by miner # pool-3-thread-1
Id: 3
Timestamp: 1710384267872
Magic number: -1046339433
Hash of the previous block: 
da1be0227224ea980b47a2e913665eac00f5b95dff0029ca30e94055dbc71102
Hash of the block: 
aab4860516f9bbf6171a835359823bcf5618f45707a6e96550d4d7d4853eb314
Block was generating for 1 seconds
N value: 0

Block:
Created by miner # pool-4-thread-1
Id: 4
Timestamp: 1710384267873
Magic number: -330552725
Hash of the previous block: 
aab4860516f9bbf6171a835359823bcf5618f45707a6e96550d4d7d4853eb314
Hash of the block: 
f8b911b6acf52b7f9e7550379ccd6462b69cfeab95a5e5f9737b741a90a44a00
Block was generating for 0 seconds
N value: 1

Block:
Created by miner # pool-5-thread-1
Id: 5
Timestamp: 1710384267873
Magic number: -1472993167
Hash of the previous block: 
f8b911b6acf52b7f9e7550379ccd6462b69cfeab95a5e5f9737b741a90a44a00
Hash of the block: 
0deb081020324c4a8019a8b7d17a0e247d95aea8592146b9073c0e0039f6e903
Block was generating for 1 seconds
N value: 1

?[1;31m
Start test 2?[0m
Block:
Created by miner # pool-6-thread-1
Id: 1
Timestamp: 1710384267901
Magic number: 291686838
Hash of the previous block: 
0
Hash of the block: 
65cfea14b8733b497e1dd46cfaf66386ba404c957d729a89320ad4028daf39a5
Block was generating for 0 seconds
N value: 1

Block:
Created by miner # pool-7-thread-1
Id: 2
Timestamp: 1710384267901
Magic number: -88647433
Hash of the previous block: 
65cfea14b8733b497e1dd46cfaf66386ba404c957d729a89320ad4028daf39a5
Hash of the block: 
0ac150e9515e9ed32f39e2736f6f887f9562368ced0dd034b832a323d1a65a17
Block was generating for 1 seconds
N value: 1

Block:
Created by miner # pool-8-thread-1
Id: 3
Timestamp: 1710384267902
Magic number: 2086716925
Hash of the previous block: 
0ac150e9515e9ed32f39e2736f6f887f9562368ced0dd034b832a323d1a65a17
Hash of the block: 
09c75d41a09fab64d13b6b606abcc7417e885d53c0d874b7b010cd1407215435
Block was generating for 1 seconds
N value: 1

Block:
Created by miner # pool-9-thread-1
Id: 4
Timestamp: 1710384267903
Magic number: -346615151
Hash of the previous block: 
09c75d41a09fab64d13b6b606abcc7417e885d53c0d874b7b010cd1407215435
Hash of the block: 
03db45309c273497a223527fbe4237f111269039767a8ed3eaac2ddc2f913d01
Block was generating for 0 seconds
N value: 2

Block:
Created by miner # pool-10-thread-1
Id: 5
Timestamp: 1710384267903
Magic number: -2029959365
Hash of the previous block: 
03db45309c273497a223527fbe4237f111269039767a8ed3eaac2ddc2f913d01
Hash of the block: 
006fac6e9735340e3456f1745f3aa360c6b05ebbf2f1243fc604d5a445e1e7fe
Block was generating for 5 seconds
N value: 2

]]></system-out>
  <system-err><![CDATA[]]></system-err>
</testsuite>
