<?xml version="1.0" encoding="UTF-8"?>
<testsuite name="BlockchainTest" tests="1" skipped="0" failures="0" errors="0" timestamp="2024-03-15T07:20:43" hostname="C14166" time="0.156">
  <properties/>
  <testcase name="start" classname="BlockchainTest" time="0.156"/>
  <system-out><![CDATA[?[1;31m
Start test 1?[0m
Block:
Created by miner # 7
Id: 1
Timestamp: 1710487243707
Magic number: -1155484576
Hash of the previous block: 
0
Hash of the block: 
4769a0b00f06f281399e793add1c933ae02be61aff585f1f81cc9006181d97d4
Block data: no message
Block was generating for 0 seconds
N was increased to 1

Block:
Created by miner # 161
Id: 2
Timestamp: 1710487243729
Magic number: -1155484576
Hash of the previous block: 
4769a0b00f06f281399e793add1c933ae02be61aff585f1f81cc9006181d97d4
Hash of the block: 
4769a0b00f06f281399e793add1c933ae02be61aff585f1f81cc9006181d97d4
Block data: 
Sahil: Hello!
Block was generating for 0 seconds
N was increased to 2

Block:
Created by miner # 160
Id: 3
Timestamp: 1710487243733
Magic number: -1155484576
Hash of the previous block: 
4769a0b00f06f281399e793add1c933ae02be61aff585f1f81cc9006181d97d4
Hash of the block: 
4769a0b00f06f281399e793add1c933ae02be61aff585f1f81cc9006181d97d4
Block data: 
Sahil: Hello!
Block was generating for 0 seconds
N was increased to 3

Block:
Created by miner # 159
Id: 4
Timestamp: 1710487243735
Magic number: -1155484576
Hash of the previous block: 
4769a0b00f06f281399e793add1c933ae02be61aff585f1f81cc9006181d97d4
Hash of the block: 
4769a0b00f06f281399e793add1c933ae02be61aff585f1f81cc9006181d97d4
Block data: 
Sahil: Hello!
Block was generating for 0 seconds
N was increased to 4

Block:
Created by miner # 215
Id: 5
Timestamp: 1710487243738
Magic number: -723955400
Hash of the previous block: 
4769a0b00f06f281399e793add1c933ae02be61aff585f1f81cc9006181d97d4
Hash of the block: 
2a17659d8929f14cf5616a67f9b92b8e0fa3615715d7344393a564b868532f6d
Block data: 
Sahil: Hello!
Ayush: hi guys
Block was generating for 0 seconds
N was increased to 5

?[1;31m
Start test 2?[0m
Block:
Created by miner # 5
Id: 1
Timestamp: 1710487243773
Magic number: -1155484576
Hash of the previous block: 
0
Hash of the block: 
4769a0b00f06f281399e793add1c933ae02be61aff585f1f81cc9006181d97d4
Block data: no message
Block was generating for 0 seconds
N was increased to 1

Block:
Created by miner # 40
Id: 2
Timestamp: 1710487243777
Magic number: -1155484576
Hash of the previous block: 
4769a0b00f06f281399e793add1c933ae02be61aff585f1f81cc9006181d97d4
Hash of the block: 
4769a0b00f06f281399e793add1c933ae02be61aff585f1f81cc9006181d97d4
Block data: 
Sahil: Hello!
Block was generating for 0 seconds
N was increased to 2

Block:
Created by miner # 39
Id: 3
Timestamp: 1710487243780
Magic number: -1155484576
Hash of the previous block: 
4769a0b00f06f281399e793add1c933ae02be61aff585f1f81cc9006181d97d4
Hash of the block: 
4769a0b00f06f281399e793add1c933ae02be61aff585f1f81cc9006181d97d4
Block data: 
Block was generating for 0 seconds
N was increased to 3

Block:
Created by miner # 38
Id: 4
Timestamp: 1710487243783
Magic number: -1155484576
Hash of the previous block: 
4769a0b00f06f281399e793add1c933ae02be61aff585f1f81cc9006181d97d4
Hash of the block: 
4769a0b00f06f281399e793add1c933ae02be61aff585f1f81cc9006181d97d4
Block data: 
Sahil: Hello!
Block was generating for 0 seconds
N was increased to 4

Block:
Created by miner # 121
Id: 5
Timestamp: 1710487243788
Magic number: -723955400
Hash of the previous block: 
4769a0b00f06f281399e793add1c933ae02be61aff585f1f81cc9006181d97d4
Hash of the block: 
2a17659d8929f14cf5616a67f9b92b8e0fa3615715d7344393a564b868532f6d
Block data: 
Sahil: Hello!
Block was generating for 0 seconds
N was increased to 5

]]></system-out>
  <system-err><![CDATA[?[0;34md-13" Exception in thread "Thread-14" Exception in thread "Thread-15" Exception in thread "Thread-85" Exception in thread "Thread-95" Exception in thread "Thread-91" Exception in thread "Thread-147" java.lang.RuntimeException: java.lang.InterruptedException: sleep interrupted
?[0m?[0;34m	at blockchain.Threads.DataReaderThread.run(DataReaderThread.java:37)
?[0m?[0;34mCaused by: java.lang.InterruptedException: sleep interrupted
?[0m?[0;34m	at java.base/java.lang.Thread.sleep(Native Method)
?[0m?[0;34m	at blockchain.Threads.DataReaderThread.run(DataReaderThread.java:32)
?[0;34mException in thread "Thread-11" java.lang.RuntimeException: java.lang.InterruptedException: sleep interrupted
?[0m?[0;34m	at blockchain.Threads.DataReaderThread.run(DataReaderThread.java:37)
?[0m?[0;34mCaused by: java.lang.InterruptedException: sleep interrupted
?[0m?[0;34m	at java.base/java.lang.Thread.sleep(Native Method)
?[0m?[0;34m	at blockchain.Threads.DataReaderThread.run(DataReaderThread.java:32)
?[0;34mException in thread "Thread-71" Exception in thread "Thread-411" java.lang.RuntimeException: java.lang.InterruptedException: sleep interrupted
?[0m?[0;34m	at blockchain.Threads.DataReaderThread.run(DataReaderThread.java:37)
?[0m?[0;34mCaused by: java.lang.InterruptedException: sleep interrupted
?[0m?[0;34m	at java.base/java.lang.Thread.sleep(Native Method)
?[0m?[0;34m	at blockchain.Threads.DataReaderThread.run(DataReaderThread.java:32)
?[0;34mException in thread "Thread-165" java.lang.RuntimeException: java.lang.InterruptedException: sleep interrupted
?[0m?[0;34m	at blockchain.Threads.DataReaderThread.run(DataReaderThread.java:37)
?[0m?[0;34mCaused by: java.lang.InterruptedException: sleep interrupted
?[0m?[0;34m	at java.base/java.lang.Thread.sleep(Native Method)
?[0m?[0;34m	at blockchain.Threads.DataReaderThread.run(DataReaderThread.java:32)
?[0;34mException in thread "Thread-351" java.lang.RuntimeException: java.lang.InterruptedException: sleep interrupted
?[0m?[0;34m	at blockchain.Threads.DataReaderThread.run(DataReaderThread.java:37)
?[0m?[0;34mCaused by: java.lang.InterruptedException: sleep interrupted
?[0m?[0;34m	at java.base/java.lang.Thread.sleep(Native Method)
?[0m?[0;34m	at blockchain.Threads.DataReaderThread.run(DataReaderThread.java:32)
?[0;34mException in thread "Thread-83" java.lang.RuntimeException: java.lang.InterruptedException: sleep interrupted
?[0m?[0;34m	at blockchain.Threads.DataReaderThread.run(DataReaderThread.java:37)
?[0m?[0;34mCaused by: java.lang.InterruptedException: sleep interrupted
?[0m?[0;34m	at java.base/java.lang.Thread.sleep(Native Method)
?[0m?[0;34m	at blockchain.Threads.DataReaderThread.run(DataReaderThread.java:32)
?[0;34mException in thread "Thread-146" java.lang.RuntimeException: java.lang.InterruptedException: sleep interrupted
?[0m?[0;34m	at blockchain.Threads.DataReaderThread.run(DataReaderThread.java:37)
?[0m?[0;34mCaused by: java.lang.InterruptedException: sleep interrupted
?[0m?[0;34m	at java.base/java.lang.Thread.sleep(Native Method)
?[0m?[0;34m	at blockchain.Threads.DataReaderThread.run(DataReaderThread.java:32)
?[0;34mException in thread "Thread-373" java.lang.RuntimeException: java.lang.InterruptedException: sleep interrupted
?[0m?[0;34m	at blockchain.Threads.DataReaderThread.run(DataReaderThread.java:37)
?[0m?[0;34mCaused by: java.lang.InterruptedException: sleep interrupted
?[0m?[0;34m	at java.base/java.lang.Thread.sleep(Native Method)
?[0m?[0;34m	at blockchain.Threads.DataReaderThread.run(DataReaderThread.java:32)
?[0;34mException in thread "Thread-363" java.lang.RuntimeException: java.lang.InterruptedException: sleep interrupted
?[0m?[0;34m	at blockchain.Threads.DataReaderThread.run(DataReaderThread.java:37)
?[0m?[0;34mCaused by: java.lang.InterruptedException: sleep interrupted
?[0m?[0;34m	at java.base/java.lang.Thread.sleep(Native Method)
?[0m?[0;34m	at blockchain.Threads.DataReaderThread.run(DataReaderThread.java:32)
?[0;34mException in thread "Thread-335" java.lang.RuntimeException: java.lang.InterruptedException: sleep interrupted
?[0m?[0;34m	at blockchain.Threads.DataReaderThread.run(DataReaderThread.java:37)
?[0m?[0;34mCaused by: java.lang.InterruptedException: sleep interrupted
?[0m?[0;34m	at java.base/java.lang.Thread.sleep(Native Method)
?[0m?[0;34m	at blockchain.Threads.DataReaderThread.run(DataReaderThread.java:32)
?[0;34mException in thread "Thread-331" Exception in thread "Thread-488" java.lang.RuntimeException: java.lang.InterruptedException: sleep interrupted
?[0m?[0;34m	at blockchain.Threads.DataReaderThread.run(DataReaderThread.java:37)
?[0m?[0;34mCaused by: java.lang.InterruptedException: sleep interrupted
?[0m?[0;34m	at java.base/java.lang.Thread.sleep(Native Method)
?[0m?[0;34m	at blockchain.Threads.DataReaderThread.run(DataReaderThread.java:32)
?[0;34mException in thread "Thread-426" java.lang.RuntimeException: java.lang.InterruptedException: sleep interrupted
?[0m?[0;34m	at blockchain.Threads.DataReaderThread.run(DataReaderThread.java:37)
?[0m?[0;34mCaused by: java.lang.InterruptedException: sleep interrupted
?[0m?[0;34m	at java.base/java.lang.Thread.sleep(Native Method)
?[0m?[0;34m	at blockchain.Threads.DataReaderThread.run(DataReaderThread.java:32)
?[0;34mException in thread "Thread-423" Exception in thread "Thread-419" java.lang.RuntimeException: java.lang.InterruptedException: sleep interrupted
?[0m?[0;34m	at blockchain.Threads.DataReaderThread.run(DataReaderThread.java:37)
?[0m?[0;34mCaused by: java.lang.InterruptedException: sleep interrupted
?[0m?[0;34m	at java.base/java.lang.Thread.sleep(Native Method)
?[0m?[0;34m	at blockchain.Threads.DataReaderThread.run(DataReaderThread.java:32)
?[0;34mException in thread "Thread-415" Exception in thread "Thread-413" Exception in thread "Thread-407" java.lang.RuntimeException: java.lang.InterruptedException: sleep interrupted
?[0m?[0;34m	at blockchain.Threads.DataReaderThread.run(DataReaderThread.java:37)
?[0m?[0;34mCaused by: java.lang.InterruptedException: sleep interrupted
?[0m?[0;34m	at java.base/java.lang.Thread.sleep(Native Method)
?[0m?[0;34m	at blockchain.Threads.DataReaderThread.run(DataReaderThread.java:32)
?[0;34mException in thread "Thread-406" Exception in thread "Thread-401" java.lang.RuntimeException: java.lang.InterruptedException: sleep interrupted
?[0m?[0;34m	at blockchain.Threads.DataReaderThread.run(DataReaderThread.java:37)
?[0m?[0;34mCaused by: java.lang.InterruptedException: sleep interrupted
?[0m?[0;34m	at java.base/java.lang.Thread.sleep(Native Method)
?[0m?[0;34m	at blockchain.Threads.DataReaderThread.run(DataReaderThread.java:32)
?[0;34mException in thread "Thread-261" java.lang.RuntimeException: java.lang.InterruptedException: sleep interrupted
?[0m?[0;34m	at blockchain.Threads.DataReaderThread.run(DataReaderThread.java:37)
?[0m?[0;34mCaused by: java.lang.InterruptedException: sleep interrupted
?[0m?[0;34m	at java.base/java.lang.Thread.sleep(Native Method)
?[0m?[0;34m	at blockchain.Threads.DataReaderThread.run(DataReaderThread.java:32)
?[0;34mException in thread "Thread-399" java.lang.RuntimeException: java.lang.InterruptedException: sleep interrupted
?[0m?[0;34m	at blockchain.Threads.DataReaderThread.run(DataReaderThread.java:37)
?[0m?[0;34mCaused by: java.lang.InterruptedException: sleep interrupted
?[0m?[0;34m	at java.base/java.lang.Thread.sleep(Native Method)
?[0m?[0;34m	at blockchain.Threads.DataReaderThread.run(DataReaderThread.java:32)
?[0;34mException in thread "Thread-577" java.lang.RuntimeException: java.lang.InterruptedException: sleep interrupted
?[0m?[0;34m	at blockchain.Threads.DataReaderThread.run(DataReaderThread.java:37)
?[0m?[0;34mCaused by: java.lang.InterruptedException: sleep interrupted
?[0m?[0;34m	at java.base/java.lang.Thread.sleep(Native Method)
?[0m?[0;34m	at blockchain.Threads.DataReaderThread.run(DataReaderThread.java:32)
java.lang.RuntimeException: java.lang.InterruptedException: sleep interrupted
	at blockchain.Threads.DataReaderThread.run(DataReaderThread.java:37)
Caused by: java.lang.InterruptedException: sleep interrupted
	at java.base/java.lang.Thread.sleep(Native Method)
	at blockchain.Threads.DataReaderThread.run(DataReaderThread.java:32)
java.lang.RuntimeException: java.lang.InterruptedException: sleep interrupted
	at blockchain.Threads.DataReaderThread.run(DataReaderThread.java:37)
Caused by: java.lang.InterruptedException: sleep interrupted
	at java.base/java.lang.Thread.sleep(Native Method)
	at blockchain.Threads.DataReaderThread.run(DataReaderThread.java:32)
java.lang.RuntimeException: java.lang.InterruptedException: sleep interrupted
	at blockchain.Threads.DataReaderThread.run(DataReaderThread.java:37)
Caused by: java.lang.InterruptedException: sleep interrupted
	at java.base/java.lang.Thread.sleep(Native Method)
	at blockchain.Threads.DataReaderThread.run(DataReaderThread.java:32)
]]></system-err>
</testsuite>
