<?xml version="1.0" encoding="UTF-8"?>
<testsuite name="BlockchainTest" tests="1" skipped="0" failures="0" errors="0" timestamp="2024-03-16T11:18:21" hostname="C14166" time="15.328">
  <properties/>
  <testcase name="start" classname="BlockchainTest" time="15.328"/>
  <system-out><![CDATA[?[1;31m
Start test 1?[0m
Block:
Created by miner # 5
Id: 1
Timestamp: 1710587901692
Magic number: -1155484576
Hash of the previous block: 
0
Hash of the block: 
4769a0b00f06f281399e793add1c933ae02be61aff585f1f81cc9006181d97d4
Block data: no message
Block was generating for 0 seconds
N was increased to 1

Block:
Created by miner # 236
Id: 2
Timestamp: 1710587901761
Magic number: -1155484576
Hash of the previous block: 
4769a0b00f06f281399e793add1c933ae02be61aff585f1f81cc9006181d97d4
Hash of the block: 
4769a0b00f06f281399e793add1c933ae02be61aff585f1f81cc9006181d97d4
Block data: 
Block was generating for 0 seconds
N was increased to 2

Block:
Created by miner # 371
Id: 3
Timestamp: 1710587901789
Magic number: -1155484576
Hash of the previous block: 
4769a0b00f06f281399e793add1c933ae02be61aff585f1f81cc9006181d97d4
Hash of the block: 
3b538b3a194972d194953f0ca68b1055d347240d4decf72a7872bffab04a5092
Block data: 
Block was generating for 0 seconds
N was increased to 3

Block:
Created by miner # 233
Id: 4
Timestamp: 1710587901884
Magic number: -1155484576
Hash of the previous block: 
3b538b3a194972d194953f0ca68b1055d347240d4decf72a7872bffab04a5092
Hash of the block: 
4769a0b00f06f281399e793add1c933ae02be61aff585f1f81cc9006181d97d4
Block data: 
Block was generating for 0 seconds
N was increased to 4

Block:
Created by miner # 230
Id: 5
Timestamp: 1710587901931
Magic number: -1155484576
Hash of the previous block: 
4769a0b00f06f281399e793add1c933ae02be61aff585f1f81cc9006181d97d4
Hash of the block: 
4769a0b00f06f281399e793add1c933ae02be61aff585f1f81cc9006181d97d4
Block data: 
Sahil: Hello!
Block was generating for 0 seconds
N was increased to 5

?[1;31m
Start test 2?[0m
Block:
Created by miner # 2
Id: 1
Timestamp: 1710587911431
Magic number: -1155484576
Hash of the previous block: 
0
Hash of the block: 
4769a0b00f06f281399e793add1c933ae02be61aff585f1f81cc9006181d97d4
Block data: no message
Block was generating for 0 seconds
N was increased to 1

Block:
Created by miner # 71
Id: 2
Timestamp: 1710587911459
Magic number: -1155484576
Hash of the previous block: 
4769a0b00f06f281399e793add1c933ae02be61aff585f1f81cc9006181d97d4
Hash of the block: 
4769a0b00f06f281399e793add1c933ae02be61aff585f1f81cc9006181d97d4
Block data: 
Sahil: Hello!
Block was generating for 0 seconds
N was increased to 2

Block:
Created by miner # 67
Id: 3
Timestamp: 1710587911473
Magic number: -1155484576
Hash of the previous block: 
4769a0b00f06f281399e793add1c933ae02be61aff585f1f81cc9006181d97d4
Hash of the block: 
4769a0b00f06f281399e793add1c933ae02be61aff585f1f81cc9006181d97d4
Block data: 
Block was generating for 0 seconds
N was increased to 3

Block:
Created by miner # 70
Id: 4
Timestamp: 1710587911492
Magic number: -1155484576
Hash of the previous block: 
4769a0b00f06f281399e793add1c933ae02be61aff585f1f81cc9006181d97d4
Hash of the block: 
4769a0b00f06f281399e793add1c933ae02be61aff585f1f81cc9006181d97d4
Block data: 
Block was generating for 0 seconds
N was increased to 4

Block:
Created by miner # 66
Id: 5
Timestamp: 1710587911499
Magic number: -1155484576
Hash of the previous block: 
4769a0b00f06f281399e793add1c933ae02be61aff585f1f81cc9006181d97d4
Hash of the block: 
4769a0b00f06f281399e793add1c933ae02be61aff585f1f81cc9006181d97d4
Block data: 
Block was generating for 0 seconds
N was increased to 5

]]></system-out>
  <system-err><![CDATA[]]></system-err>
</testsuite>
