<?xml version="1.0" encoding="UTF-8"?>
<testsuite name="BlockchainTest" tests="1" skipped="0" failures="0" errors="0" timestamp="2024-03-13T05:59:15" hostname="C14166" time="0.074">
  <properties/>
  <testcase name="start" classname="BlockchainTest" time="0.074"/>
  <system-out><![CDATA[?[1;31m
Start test 1?[0m
Block:
Id: 1
Timestamp: 1710309555390
Hash of the previous block: 
0
Hash of the block: 
a3c413bce23b11db4ee0ea24de68d6fc7abb198680133408d91c72dfde640e60

Block:
Id: 2
Timestamp: 1710309555391
Hash of the previous block: 
a3c413bce23b11db4ee0ea24de68d6fc7abb198680133408d91c72dfde640e60
Hash of the block: 
ccdf2a4a504bf5eef63bc0b07251a24e04643a040b292c8812b83ea644af3187

Block:
Id: 3
Timestamp: 1710309555393
Hash of the previous block: 
ccdf2a4a504bf5eef63bc0b07251a24e04643a040b292c8812b83ea644af3187
Hash of the block: 
6461211c55ce65788d03e5dfbba6c1742e0107f011292c180f68f309c93d48e0

Block:
Id: 4
Timestamp: 1710309555393
Hash of the previous block: 
6461211c55ce65788d03e5dfbba6c1742e0107f011292c180f68f309c93d48e0
Hash of the block: 
65816fd814a1cbb3853c92c897f0aa99e63386647b02c9f190b837fe95fbad1f

Block:
Id: 5
Timestamp: 1710309555393
Hash of the previous block: 
65816fd814a1cbb3853c92c897f0aa99e63386647b02c9f190b837fe95fbad1f
Hash of the block: 
3ee187212d3ed2436dcd89f37eb1a9248ee99dc08869d371b5950999e354ec8f

?[1;31m
Start test 2?[0m
Block:
Id: 1
Timestamp: 1710309555409
Hash of the previous block: 
0
Hash of the block: 
a0c09ed142b449a5b7ccdd66e3438860759034278488bb90e51bc238f3becf7f

Block:
Id: 2
Timestamp: 1710309555409
Hash of the previous block: 
a0c09ed142b449a5b7ccdd66e3438860759034278488bb90e51bc238f3becf7f
Hash of the block: 
b2a6c462b573985b5047c8eaefb1b06b7fc9542d37d48df07adad6af11fe947c

Block:
Id: 3
Timestamp: 1710309555410
Hash of the previous block: 
b2a6c462b573985b5047c8eaefb1b06b7fc9542d37d48df07adad6af11fe947c
Hash of the block: 
a97e2d325bc1cee945f6800af1665b8ed20e9a5b5fdc04081b1a8476b32e4c74

Block:
Id: 4
Timestamp: 1710309555410
Hash of the previous block: 
a97e2d325bc1cee945f6800af1665b8ed20e9a5b5fdc04081b1a8476b32e4c74
Hash of the block: 
f64449420e99b664605407f31e102dcd54eb45029fb188b075bc059441a44e2e

Block:
Id: 5
Timestamp: 1710309555410
Hash of the previous block: 
f64449420e99b664605407f31e102dcd54eb45029fb188b075bc059441a44e2e
Hash of the block: 
1aff389baefebdfc5c9a11d361428ac4f09ed6cefa07868513061e9d8dd56bea

]]></system-out>
  <system-err><![CDATA[]]></system-err>
</testsuite>
